TN:stest
SF:/Users/kandice/Desktop/Libraries/Libraries/smart_calc/stack.c
FN:12,19,push
FN:21,27,pop
FN:29,36,stack_free
FN:3,9,stack_create
FNDA:11,push
FNDA:7,pop
FNDA:5,stack_free
FNDA:5,stack_create
FNF:4
FNH:4
DA:3,5
DA:4,5
DA:9,5
DA:12,11
DA:13,11
DA:14,5
DA:15,5
DA:16,5
DA:17,11
DA:18,11
DA:19,11
DA:21,7
DA:22,7
DA:23,1
DA:25,6
DA:26,6
DA:27,7
DA:29,5
DA:30,5
DA:31,4
DA:32,4
DA:33,4
DA:34,5
DA:35,5
DA:36,5
LF:25
LH:25
end_of_record
TN:stest
SF:/Users/kandice/Desktop/Libraries/Libraries/smart_calc/tests/stack_tests.c
FN:14,23,push_stack_test_fn
FN:26,35,pop_stack_test_1_fn
FN:3,11,init_stack_test_fn
FN:38,42,pop_stack_test_2_fn
FN:45,55,stack_free_test_fn
FN:58,69,stack_suite
FNDA:1,push_stack_test_fn
FNDA:1,pop_stack_test_1_fn
FNDA:1,init_stack_test_fn
FNDA:1,pop_stack_test_2_fn
FNDA:1,stack_free_test_fn
FNDA:1,stack_suite
FNF:6
FNH:6
DA:3,1
DA:4,1
DA:5,6
DA:6,5
DA:7,5
DA:8,1
DA:9,1
DA:10,1
DA:11,1
DA:14,1
DA:15,1
DA:16,1
DA:17,1
DA:18,1
DA:19,1
DA:20,1
DA:21,1
DA:22,1
DA:23,1
DA:26,1
DA:27,1
DA:28,1
DA:29,1
DA:30,1
DA:31,1
DA:32,1
DA:33,1
DA:34,1
DA:35,1
DA:38,1
DA:39,1
DA:40,1
DA:41,1
DA:42,1
DA:45,1
DA:46,1
DA:47,1
DA:48,1
DA:49,1
DA:50,1
DA:51,1
DA:52,1
DA:53,1
DA:54,1
DA:55,1
DA:58,1
DA:59,1
DA:60,1
DA:62,1
DA:63,1
DA:64,1
DA:65,1
DA:66,1
DA:68,1
DA:69,1
LF:55
LH:55
end_of_record
TN:stest
SF:/Users/kandice/Desktop/Libraries/Libraries/smart_calc/tests/start_tests.c
FN:13,24,run_testcase
FN:26,28,main
FN:3,11,run_tests
FNDA:1,run_testcase
FNDA:1,main
FNDA:1,run_tests
FNF:3
FNH:3
DA:3,1
DA:4,2
DA:5,1
DA:8,2
DA:9,1
DA:10,1
DA:11,1
DA:13,1
DA:15,1
DA:16,1
DA:17,1
DA:18,1
DA:20,1
DA:21,1
DA:23,1
DA:24,1
DA:26,1
DA:27,1
DA:28,1
LF:19
LH:19
end_of_record
