TN:stest
SF:/Users/kandice/Desktop/Libraries/Libraries/string/s21_insert.c
FN:3,18,s21_insert
FNDA:10,s21_insert
FNF:1
FNH:1
DA:3,10
DA:4,10
DA:5,10
DA:6,10
DA:8,94
DA:9,84
DA:10,84
DA:11,62
DA:12,52
DA:13,52
DA:14,94
DA:15,84
DA:16,84
DA:17,10
DA:18,10
LF:15
LH:15
end_of_record
TN:stest
SF:/Users/kandice/Desktop/Libraries/Libraries/string/s21_memchr.c
FN:3,12,s21_memchr
FNDA:10,s21_memchr
FNF:1
FNH:1
DA:3,10
DA:4,10
DA:5,10
DA:6,63
DA:7,61
DA:8,8
DA:10,53
DA:11,2
DA:12,10
LF:9
LH:9
end_of_record
TN:stest
SF:/Users/kandice/Desktop/Libraries/Libraries/string/s21_memcmp.c
FN:3,14,s21_memcmp
FNDA:10,s21_memcmp
FNF:1
FNH:1
DA:3,10
DA:4,10
DA:5,10
DA:6,71
DA:7,67
DA:8,2
DA:9,65
DA:10,4
DA:12,61
DA:13,4
DA:14,10
LF:11
LH:11
end_of_record
TN:stest
SF:/Users/kandice/Desktop/Libraries/Libraries/string/s21_memcpy.c
FN:3,9,s21_memcpy
FNDA:56,s21_memcpy
FNF:1
FNH:1
DA:3,56
DA:4,56
DA:5,56
DA:6,706
DA:7,650
DA:8,650
DA:9,56
LF:7
LH:7
end_of_record
TN:stest
SF:/Users/kandice/Desktop/Libraries/Libraries/string/s21_memmove.c
FN:3,14,s21_memmove
FNDA:23,s21_memmove
FNF:1
FNH:1
DA:3,23
DA:4,23
DA:5,23
DA:7,23
DA:9,23
DA:10,23
DA:11,23
DA:12,23
DA:13,23
DA:14,23
LF:10
LH:10
end_of_record
TN:stest
SF:/Users/kandice/Desktop/Libraries/Libraries/string/s21_memset.c
FN:3,9,s21_memset
FNDA:10,s21_memset
FNF:1
FNH:1
DA:3,10
DA:4,10
DA:5,10
DA:6,57
DA:7,47
DA:8,47
DA:9,10
LF:7
LH:7
end_of_record
TN:stest
SF:/Users/kandice/Desktop/Libraries/Libraries/string/s21_sprintf.c
FN:143,158,s21_str_to_int
FN:161,185,s21_int_to_str
FN:187,209,s21_ul_to_str
FN:211,232,s21_ol_to_str
FN:234,258,s21_hl_to_str
FN:260,299,s21_float_to_str
FN:3,57,s21_sprintf
FN:301,319,s21_gG_to_str
FN:321,335,s21_delete_zero
FN:337,379,s21_eE_to_str
FN:384,395,s21_compare_round
FN:398,411,s21_make_mantissa
FN:413,422,s21_wch_to_str
FN:425,432,s21_move_string
FN:434,464,s21_make_string_flags
FN:467,483,s21_sharp_flag
FN:486,503,s21_make_string_width
FN:506,522,s21_make_string_precision
FN:525,533,s21_reverse_writing
FN:536,552,s21_spec_c
FN:555,577,s21_spec_di
FN:581,597,s21_spec_eE
FN:599,616,s21_spec_f
FN:60,67,s21_default_precision
FN:619,637,s21_spec_gG
FN:640,662,s21_spec_o
FN:665,675,s21_spec_s
FN:678,701,s21_spec_u
FN:69,87,s21_check_flag
FN:704,726,s21_spec_xX
FN:729,752,s21_spec_p
FN:755,758,s21_spec_n
FN:761,766,s21_spec_percentage
FN:89,140,s21_check_specifier
FNDA:268,s21_str_to_int
FNDA:327,s21_int_to_str
FNDA:26,s21_ul_to_str
FNDA:14,s21_ol_to_str
FNDA:119,s21_hl_to_str
FNDA:47,s21_float_to_str
FNDA:222,s21_sprintf
FNDA:18,s21_gG_to_str
FNDA:22,s21_delete_zero
FNDA:35,s21_eE_to_str
FNDA:35,s21_compare_round
FNDA:49,s21_make_mantissa
FNDA:0,s21_wch_to_str
FNDA:186,s21_move_string
FNDA:489,s21_make_string_flags
FNDA:33,s21_sharp_flag
FNDA:489,s21_make_string_width
FNDA:428,s21_make_string_precision
FNDA:491,s21_reverse_writing
FNDA:28,s21_spec_c
FNDA:88,s21_spec_di
FNDA:31,s21_spec_eE
FNDA:33,s21_spec_f
FNDA:491,s21_default_precision
FNDA:18,s21_spec_gG
FNDA:14,s21_spec_o
FNDA:22,s21_spec_s
FNDA:26,s21_spec_u
FNDA:185,s21_check_flag
FNDA:119,s21_spec_xX
FNDA:5,s21_spec_p
FNDA:2,s21_spec_n
FNDA:105,s21_spec_percentage
FNDA:491,s21_check_specifier
FNF:34
FNH:33
DA:3,222
DA:4,222
DA:5,222
DA:6,222
DA:7,222
DA:8,222
DA:9,1166
DA:10,1134
DA:11,1134
DA:12,1134
DA:13,1134
DA:14,1134
DA:16,681
DA:17,681
DA:18,765
DA:19,185
DA:21,134
DA:22,765
DA:23,430
DA:24,430
DA:25,5
DA:26,5
DA:27,5
DA:28,156
DA:29,491
DA:30,123
DA:31,123
DA:32,123
DA:33,123
DA:34,112
DA:35,112
DA:36,11
DA:38,123
DA:39,491
DA:40,154
DA:41,77
DA:43,77
DA:44,491
DA:45,491
DA:46,491
DA:47,491
DA:48,491
DA:49,491
DA:51,453
DA:52,453
DA:53,453
DA:56,32
DA:57,32
DA:60,491
DA:61,491
DA:62,44
DA:63,44
DA:64,491
DA:65,50
DA:66,50
DA:67,491
DA:69,185
DA:70,185
DA:72,49
DA:73,49
DA:75,21
DA:76,21
DA:78,47
DA:79,47
DA:81,41
DA:82,41
DA:84,27
DA:85,27
DA:87,185
DA:89,491
DA:91,491
DA:92,491
DA:93,491
DA:94,491
DA:96,28
DA:97,28
DA:100,88
DA:101,88
DA:104,31
DA:105,31
DA:107,33
DA:108,33
DA:111,18
DA:112,18
DA:114,2
DA:115,2
DA:117,14
DA:118,14
DA:120,5
DA:121,5
DA:123,22
DA:124,22
DA:126,26
DA:127,26
DA:130,119
DA:131,119
DA:133,105
DA:134,105
DA:136,491
DA:137,491
DA:138,491
DA:139,491
DA:140,491
DA:143,268
DA:144,268
DA:145,268
DA:146,268
DA:147,524
DA:148,256
DA:150,268
DA:151,524
DA:152,256
DA:154,268
DA:155,77
DA:156,77
DA:157,77
DA:158,268
DA:161,327
DA:162,327
DA:163,327
DA:164,327
DA:165,327
DA:166,327
DA:167,327
DA:168,1772
DA:169,1445
DA:170,1445
DA:171,1118
DA:172,1118
DA:173,1118
DA:174,327
DA:175,327
DA:177,1445
DA:179,328
DA:180,88
DA:181,1
DA:182,327
DA:183,327
DA:184,327
DA:185,327
DA:187,26
DA:189,26
DA:190,26
DA:192,26
DA:194,144
DA:195,118
DA:196,118
DA:197,92
DA:198,92
DA:199,92
DA:200,26
DA:201,26
DA:203,118
DA:205,26
DA:206,0
DA:207,26
DA:208,26
DA:209,26
DA:211,14
DA:212,14
DA:213,14
DA:215,14
DA:217,96
DA:219,82
DA:220,68
DA:221,68
DA:222,68
DA:223,14
DA:224,14
DA:226,82
DA:229,14
DA:230,14
DA:231,14
DA:232,14
DA:234,119
DA:236,119
DA:237,119
DA:238,119
DA:239,119
DA:241,731
DA:243,612
DA:244,493
DA:245,493
DA:246,493
DA:247,119
DA:248,119
DA:250,612
DA:251,345
DA:253,267
DA:255,119
DA:256,119
DA:257,119
DA:258,119
DA:260,47
DA:261,47
DA:262,47
DA:263,47
DA:264,47
DA:265,9
DA:266,9
DA:267,38
DA:268,38
DA:269,38
DA:270,38
DA:271,38
DA:272,3
DA:273,0
DA:274,0
DA:275,38
DA:276,38
DA:277,38
DA:278,38
DA:279,14
DA:280,6
DA:281,3
DA:282,14
DA:283,3
DA:284,3
DA:285,14
DA:286,259
DA:287,38
DA:288,38
DA:289,71
DA:290,33
DA:291,33
DA:292,33
DA:293,38
DA:294,4
DA:295,4
DA:296,38
DA:298,47
DA:299,47
DA:301,18
DA:302,18
DA:303,18
DA:304,18
DA:305,24
DA:306,18
DA:307,4
DA:308,0
DA:309,0
DA:310,4
DA:312,4
DA:313,4
DA:314,14
DA:315,14
DA:316,14
DA:318,18
DA:319,18
DA:321,22
DA:322,22
DA:323,22
DA:324,63
DA:325,45
DA:326,0
DA:327,45
DA:328,45
DA:329,45
DA:331,18
DA:332,6
DA:333,6
DA:334,18
DA:335,22
DA:337,35
DA:338,35
DA:339,35
DA:340,35
DA:341,35
DA:342,241
DA:343,227
DA:345,14
DA:346,14
DA:347,0
DA:348,0
DA:349,0
DA:350,0
DA:351,0
DA:352,14
DA:353,4
DA:354,14
DA:355,14
DA:356,77
DA:357,56
DA:358,56
DA:360,21
DA:361,0
DA:362,0
DA:363,0
DA:364,0
DA:365,0
DA:367,35
DA:368,35
DA:369,35
DA:370,31
DA:371,31
DA:372,43
DA:373,12
DA:374,12
DA:375,31
DA:376,35
DA:377,35
DA:378,35
DA:379,35
DA:384,35
DA:385,35
DA:386,35
DA:387,35
DA:388,35
DA:389,35
DA:390,35
DA:391,35
DA:392,35
DA:393,0
DA:394,0
DA:395,35
DA:398,49
DA:399,49
DA:400,49
DA:401,0
DA:402,0
DA:403,49
DA:404,49
DA:405,49
DA:406,45
DA:407,45
DA:408,45
DA:409,4
DA:411,49
DA:413,0
DA:414,0
DA:415,0
DA:416,0
DA:418,0
DA:419,0
DA:421,0
DA:422,0
DA:425,186
DA:426,186
DA:427,186
DA:428,1368
DA:429,1182
DA:430,1182
DA:432,186
DA:434,489
DA:435,489
DA:436,489
DA:437,316
DA:438,197
DA:439,38
DA:440,38
DA:441,38
DA:442,38
DA:443,197
DA:444,11
DA:445,11
DA:446,11
DA:447,11
DA:448,197
DA:449,15
DA:450,15
DA:451,15
DA:452,15
DA:453,197
DA:454,316
DA:455,33
DA:456,33
DA:457,316
DA:458,489
DA:459,54
DA:460,479
DA:461,425
DA:463,54
DA:464,489
DA:467,33
DA:468,33
DA:469,33
DA:470,29
DA:471,29
DA:472,29
DA:473,29
DA:474,29
DA:475,29
DA:476,29
DA:477,29
DA:478,33
DA:479,3
DA:480,0
DA:481,0
DA:482,3
DA:483,33
DA:486,489
DA:487,489
DA:488,489
DA:489,55
DA:490,408
DA:491,353
DA:493,746
DA:494,691
DA:495,307
DA:496,307
DA:497,307
DA:498,691
DA:499,384
DA:500,384
DA:501,691
DA:502,55
DA:503,489
DA:506,428
DA:507,428
DA:508,428
DA:509,428
DA:510,428
DA:511,428
DA:512,602
DA:513,355
DA:515,1441
DA:516,1194
DA:517,1194
DA:518,247
DA:519,247
DA:520,428
DA:521,428
DA:522,428
DA:525,491
DA:526,491
DA:527,491
DA:528,1497
DA:529,1006
DA:530,1006
DA:531,1006
DA:532,1006
DA:533,491
DA:536,28
DA:537,28
DA:538,28
DA:539,28
DA:541,0
DA:542,0
DA:543,0
DA:544,0
DA:546,28
DA:547,28
DA:548,28
DA:550,28
DA:551,28
DA:552,28
DA:555,88
DA:556,88
DA:557,88
DA:558,88
DA:560,88
DA:562,6
DA:563,6
DA:564,6
DA:566,10
DA:567,10
DA:568,10
DA:570,72
DA:571,72
DA:572,72
DA:574,88
DA:575,88
DA:576,88
DA:577,88
DA:581,31
DA:582,31
DA:583,31
DA:584,31
DA:586,10
DA:587,10
DA:588,10
DA:590,21
DA:591,21
DA:592,21
DA:594,31
DA:595,31
DA:596,31
DA:597,31
DA:599,33
DA:600,33
DA:601,33
DA:603,33
DA:605,13
DA:606,13
DA:607,13
DA:608,5
DA:610,20
DA:611,20
DA:612,20
DA:614,33
DA:615,33
DA:616,33
DA:619,18
DA:620,18
DA:621,18
DA:623,18
DA:625,3
DA:626,3
DA:627,3
DA:628,0
DA:630,15
DA:631,15
DA:632,15
DA:634,18
DA:635,18
DA:636,18
DA:637,18
DA:640,14
DA:641,14
DA:642,14
DA:643,14
DA:645,14
DA:647,1
DA:648,1
DA:649,1
DA:651,3
DA:652,3
DA:653,3
DA:655,10
DA:656,10
DA:657,10
DA:659,14
DA:660,14
DA:661,14
DA:662,14
DA:665,22
DA:666,22
DA:667,22
DA:668,22
DA:669,4
DA:671,18
DA:672,22
DA:673,22
DA:674,22
DA:675,22
DA:678,26
DA:679,26
DA:680,26
DA:681,26
DA:683,26
DA:685,4
DA:686,4
DA:687,4
DA:689,6
DA:690,6
DA:691,6
DA:693,16
DA:694,16
DA:695,16
DA:698,26
DA:699,26
DA:700,26
DA:701,26
DA:704,119
DA:705,119
DA:706,119
DA:707,119
DA:709,119
DA:711,7
DA:712,7
DA:713,7
DA:715,6
DA:716,6
DA:717,6
DA:719,106
DA:720,106
DA:721,106
DA:723,119
DA:724,119
DA:725,119
DA:726,119
DA:729,5
DA:730,5
DA:731,5
DA:732,5
DA:733,5
DA:734,5
DA:735,5
DA:736,1
DA:737,1
DA:738,41
DA:739,36
DA:740,36
DA:741,36
DA:742,25
DA:744,11
DA:745,36
DA:746,5
DA:747,5
DA:748,5
DA:749,5
DA:750,5
DA:751,5
DA:752,5
DA:755,2
DA:756,2
DA:757,2
DA:758,2
DA:761,105
DA:762,105
DA:763,105
DA:764,105
DA:765,105
DA:766,105
LF:604
LH:569
end_of_record
TN:stest
SF:/Users/kandice/Desktop/Libraries/Libraries/string/s21_strcat.c
FN:3,12,s21_strcat
FNDA:695,s21_strcat
FNF:1
FNH:1
DA:3,695
DA:4,695
DA:5,6056
DA:6,5361
DA:8,5515
DA:9,4820
DA:11,695
DA:12,695
LF:8
LH:8
end_of_record
TN:stest
SF:/Users/kandice/Desktop/Libraries/Libraries/string/s21_strchr.c
FN:3,11,s21_strchr
FNDA:3287,s21_strchr
FNF:1
FNH:1
DA:3,3287
DA:4,3287
DA:5,18248
DA:6,16333
DA:7,1372
DA:8,1372
DA:10,14961
DA:11,3287
LF:8
LH:8
end_of_record
TN:stest
SF:/Users/kandice/Desktop/Libraries/Libraries/string/s21_strcpy.c
FN:3,10,s21_strcpy
FNDA:470,s21_strcpy
FNF:1
FNH:1
DA:3,470
DA:4,2022
DA:5,1552
DA:6,1552
DA:8,470
DA:10,470
LF:6
LH:6
end_of_record
TN:stest
SF:/Users/kandice/Desktop/Libraries/Libraries/string/s21_strcspn.c
FN:3,19,s21_strcspn
FNDA:14,s21_strcspn
FNF:1
FNH:1
DA:3,14
DA:4,14
DA:6,14
DA:7,101
DA:8,95
DA:9,275
DA:10,188
DA:11,8
DA:13,180
DA:15,87
DA:16,87
DA:18,6
DA:19,14
LF:13
LH:13
end_of_record
TN:stest
SF:/Users/kandice/Desktop/Libraries/Libraries/string/s21_strerror.c
FN:260,268,s21_strerror
FNDA:8,s21_strerror
FNF:1
FNH:1
DA:260,8
DA:263,8
DA:264,0
DA:266,8
DA:268,8
LF:5
LH:4
end_of_record
TN:stest
SF:/Users/kandice/Desktop/Libraries/Libraries/string/s21_strlen.c
FN:3,8,s21_strlen
FNDA:21568,s21_strlen
FNF:1
FNH:1
DA:3,21568
DA:4,21568
DA:5,158321
DA:6,136753
DA:8,21568
LF:5
LH:5
end_of_record
TN:stest
SF:/Users/kandice/Desktop/Libraries/Libraries/string/s21_strncat.c
FN:3,10,s21_strncat
FNDA:9,s21_strncat
FNF:1
FNH:1
DA:3,9
DA:4,9
DA:5,9
DA:6,116
DA:7,107
DA:8,107
DA:9,9
DA:10,9
LF:8
LH:8
end_of_record
TN:stest
SF:/Users/kandice/Desktop/Libraries/Libraries/string/s21_strncmp.c
FN:3,14,s21_strncmp
FNDA:6,s21_strncmp
FNF:1
FNH:1
DA:3,6
DA:4,6
DA:5,34
DA:6,28
DA:7,0
DA:9,28
DA:10,0
DA:13,6
DA:14,6
LF:9
LH:7
end_of_record
TN:stest
SF:/Users/kandice/Desktop/Libraries/Libraries/string/s21_strncpy.c
FN:3,7,s21_strncpy
FNDA:8,s21_strncpy
FNF:1
FNH:1
DA:3,8
DA:4,4104
DA:5,4096
DA:6,4096
DA:7,8
LF:5
LH:5
end_of_record
TN:stest
SF:/Users/kandice/Desktop/Libraries/Libraries/string/s21_strpbrk.c
FN:3,12,s21_strpbrk
FNDA:8,s21_strpbrk
FNF:1
FNH:1
DA:3,8
DA:4,44
DA:5,182
DA:6,146
DA:7,5
DA:9,141
DA:10,36
DA:11,3
DA:12,8
LF:9
LH:9
end_of_record
TN:stest
SF:/Users/kandice/Desktop/Libraries/Libraries/string/s21_strrchr.c
FN:3,13,s21_strrchr
FNDA:7,s21_strrchr
FNF:1
FNH:1
DA:3,7
DA:4,7
DA:5,7
DA:7,42
DA:8,40
DA:9,5
DA:10,5
DA:12,35
DA:13,7
LF:9
LH:9
end_of_record
TN:stest
SF:/Users/kandice/Desktop/Libraries/Libraries/string/s21_strstr.c
FN:3,18,s21_strstr
FNDA:7,s21_strstr
FNF:1
FNH:1
DA:3,7
DA:4,7
DA:5,7
DA:6,45
DA:8,58
DA:9,53
DA:10,38
DA:12,15
DA:13,43
DA:14,5
DA:16,38
DA:17,2
DA:18,7
LF:13
LH:13
end_of_record
TN:stest
SF:/Users/kandice/Desktop/Libraries/Libraries/string/s21_strtok.c
FN:3,21,s21_strtok
FNDA:6,s21_strtok
FNF:1
FNH:1
DA:3,6
DA:7,6
DA:8,0
DA:9,0
DA:10,6
DA:11,6
DA:12,0
DA:14,6
DA:15,6
DA:16,6
DA:17,6
DA:18,3
DA:19,3
DA:20,6
DA:21,6
LF:15
LH:12
end_of_record
TN:stest
SF:/Users/kandice/Desktop/Libraries/Libraries/string/s21_to_lower.c
FN:3,22,s21_to_lower
FNDA:10,s21_to_lower
FNF:1
FNH:1
DA:3,10
DA:4,10
DA:5,0
DA:7,10
DA:8,10
DA:9,10
DA:10,0
DA:12,117
DA:13,107
DA:14,33
DA:15,33
DA:16,74
DA:18,107
DA:20,10
DA:21,10
DA:22,10
LF:16
LH:14
end_of_record
TN:stest
SF:/Users/kandice/Desktop/Libraries/Libraries/string/s21_to_upper.c
FN:3,22,s21_to_upper
FNDA:10,s21_to_upper
FNF:1
FNH:1
DA:3,10
DA:4,10
DA:5,0
DA:7,10
DA:8,10
DA:9,10
DA:10,0
DA:12,117
DA:13,107
DA:14,74
DA:15,74
DA:16,33
DA:18,107
DA:20,10
DA:21,10
DA:22,10
LF:16
LH:14
end_of_record
TN:stest
SF:/Users/kandice/Desktop/Libraries/Libraries/string/s21_trim.c
FN:19,35,s21_trim_right
FN:3,17,s21_trim_left
FN:37,64,s21_trim
FNDA:8,s21_trim_right
FNDA:11,s21_trim_left
FNDA:15,s21_trim
FNF:3
FNH:3
DA:3,11
DA:6,11
DA:8,786
DA:9,775
DA:10,68
DA:11,68
DA:12,68
DA:13,68
DA:15,707
DA:17,11
DA:19,8
DA:22,8
DA:23,8
DA:25,80
DA:26,72
DA:27,32
DA:28,32
DA:29,32
DA:30,32
DA:33,40
DA:35,8
DA:37,15
DA:38,15
DA:40,15
DA:41,15
DA:42,11
DA:43,11
DA:45,11
DA:46,11
DA:48,11
DA:50,11
DA:51,109
DA:52,98
DA:53,87
DA:54,87
DA:55,11
DA:57,98
DA:58,11
DA:59,11
DA:60,4
DA:62,15
DA:64,15
LF:42
LH:42
end_of_record
TN:stest
SF:/Users/kandice/Desktop/Libraries/Libraries/string/unit_tests/s21_insert_test.c
FN:12,19,test_s21_insert_2_fn
FN:21,28,test_s21_insert_3_fn
FN:3,10,test_s21_insert_1_fn
FN:30,37,test_s21_insert_4_fn
FN:39,46,test_s21_insert_5_fn
FN:48,55,test_s21_insert_6_fn
FN:57,64,test_s21_insert_7_fn
FN:66,73,test_s21_insert_8_fn
FN:75,82,test_s21_insert_9_fn
FN:84,91,test_s21_insert_10_fn
FN:93,108,suite_s21_insert
FNDA:1,test_s21_insert_2_fn
FNDA:1,test_s21_insert_3_fn
FNDA:1,test_s21_insert_1_fn
FNDA:1,test_s21_insert_4_fn
FNDA:1,test_s21_insert_5_fn
FNDA:1,test_s21_insert_6_fn
FNDA:1,test_s21_insert_7_fn
FNDA:1,test_s21_insert_8_fn
FNDA:1,test_s21_insert_9_fn
FNDA:1,test_s21_insert_10_fn
FNDA:1,suite_s21_insert
FNF:11
FNH:11
DA:3,1
DA:4,1
DA:5,1
DA:6,1
DA:7,1
DA:8,1
DA:9,1
DA:10,1
DA:12,1
DA:13,1
DA:14,1
DA:15,1
DA:16,1
DA:17,1
DA:18,1
DA:19,1
DA:21,1
DA:22,1
DA:23,1
DA:24,1
DA:25,1
DA:26,1
DA:27,1
DA:28,1
DA:30,1
DA:31,1
DA:32,1
DA:33,1
DA:34,1
DA:35,1
DA:36,1
DA:37,1
DA:39,1
DA:40,1
DA:41,1
DA:42,1
DA:43,1
DA:44,1
DA:45,1
DA:46,1
DA:48,1
DA:49,1
DA:50,1
DA:51,1
DA:52,1
DA:53,1
DA:54,1
DA:55,1
DA:57,1
DA:58,1
DA:59,1
DA:60,1
DA:61,1
DA:62,1
DA:63,1
DA:64,1
DA:66,1
DA:67,1
DA:68,1
DA:69,1
DA:70,1
DA:71,1
DA:72,1
DA:73,1
DA:75,1
DA:76,1
DA:77,1
DA:78,1
DA:79,1
DA:80,1
DA:81,1
DA:82,1
DA:84,1
DA:85,1
DA:86,1
DA:87,1
DA:88,1
DA:89,1
DA:90,1
DA:91,1
DA:93,1
DA:94,1
DA:95,1
DA:96,1
DA:97,1
DA:98,1
DA:99,1
DA:100,1
DA:101,1
DA:102,1
DA:103,1
DA:104,1
DA:105,1
DA:107,1
DA:108,1
LF:95
LH:95
end_of_record
TN:stest
SF:/Users/kandice/Desktop/Libraries/Libraries/string/unit_tests/s21_memchr_test.c
FN:11,17,test_s21_memchr_2_fn
FN:19,25,test_s21_memchr_3_fn
FN:27,33,test_s21_memchr_4_fn
FN:3,9,test_s21_memchr_1_fn
FN:35,41,test_s21_memchr_5_fn
FN:43,49,test_s21_memchr_6_fn
FN:51,57,test_s21_memchr_7_fn
FN:59,65,test_s21_memchr_8_fn
FN:67,73,test_s21_memchr_9_fn
FN:75,81,test_s21_memchr_10_fn
FN:83,98,suite_s21_memchr
FNDA:1,test_s21_memchr_2_fn
FNDA:1,test_s21_memchr_3_fn
FNDA:1,test_s21_memchr_4_fn
FNDA:1,test_s21_memchr_1_fn
FNDA:1,test_s21_memchr_5_fn
FNDA:1,test_s21_memchr_6_fn
FNDA:1,test_s21_memchr_7_fn
FNDA:1,test_s21_memchr_8_fn
FNDA:1,test_s21_memchr_9_fn
FNDA:1,test_s21_memchr_10_fn
FNDA:1,suite_s21_memchr
FNF:11
FNH:11
DA:3,1
DA:4,1
DA:5,1
DA:6,1
DA:8,1
DA:9,1
DA:11,1
DA:12,1
DA:13,1
DA:14,1
DA:16,1
DA:17,1
DA:19,1
DA:20,1
DA:21,1
DA:22,1
DA:24,1
DA:25,1
DA:27,1
DA:28,1
DA:29,1
DA:30,1
DA:32,1
DA:33,1
DA:35,1
DA:36,1
DA:37,1
DA:38,1
DA:40,1
DA:41,1
DA:43,1
DA:44,1
DA:45,1
DA:46,1
DA:48,1
DA:49,1
DA:51,1
DA:52,1
DA:53,1
DA:54,1
DA:56,1
DA:57,1
DA:59,1
DA:60,1
DA:61,1
DA:62,1
DA:64,1
DA:65,1
DA:67,1
DA:68,1
DA:69,1
DA:70,1
DA:72,1
DA:73,1
DA:75,1
DA:76,1
DA:77,1
DA:78,1
DA:80,1
DA:81,1
DA:83,1
DA:84,1
DA:85,1
DA:86,1
DA:87,1
DA:88,1
DA:89,1
DA:90,1
DA:91,1
DA:92,1
DA:93,1
DA:94,1
DA:95,1
DA:97,1
DA:98,1
LF:75
LH:75
end_of_record
TN:stest
SF:/Users/kandice/Desktop/Libraries/Libraries/string/unit_tests/s21_memcmp_test.c
FN:102,111,test_s21_memcmp_10_fn
FN:113,128,suite_s21_memcmp
FN:14,23,test_s21_memcmp_2_fn
FN:25,34,test_s21_memcmp_3_fn
FN:3,12,test_s21_memcmp_1_fn
FN:36,45,test_s21_memcmp_4_fn
FN:47,56,test_s21_memcmp_5_fn
FN:58,67,test_s21_memcmp_6_fn
FN:69,78,test_s21_memcmp_7_fn
FN:80,89,test_s21_memcmp_8_fn
FN:91,100,test_s21_memcmp_9_fn
FNDA:1,test_s21_memcmp_10_fn
FNDA:1,suite_s21_memcmp
FNDA:1,test_s21_memcmp_2_fn
FNDA:1,test_s21_memcmp_3_fn
FNDA:1,test_s21_memcmp_1_fn
FNDA:1,test_s21_memcmp_4_fn
FNDA:1,test_s21_memcmp_5_fn
FNDA:1,test_s21_memcmp_6_fn
FNDA:1,test_s21_memcmp_7_fn
FNDA:1,test_s21_memcmp_8_fn
FNDA:1,test_s21_memcmp_9_fn
FNF:11
FNH:11
DA:3,1
DA:4,1
DA:5,1
DA:6,1
DA:8,1
DA:9,1
DA:11,1
DA:12,1
DA:14,1
DA:15,1
DA:16,1
DA:17,1
DA:19,1
DA:20,1
DA:22,1
DA:23,1
DA:25,1
DA:26,1
DA:27,1
DA:28,1
DA:30,1
DA:31,1
DA:33,1
DA:34,1
DA:36,1
DA:37,1
DA:38,1
DA:39,1
DA:41,1
DA:42,1
DA:44,1
DA:45,1
DA:47,1
DA:48,1
DA:49,1
DA:50,1
DA:52,1
DA:53,1
DA:55,1
DA:56,1
DA:58,1
DA:59,1
DA:60,1
DA:61,1
DA:63,1
DA:64,1
DA:66,1
DA:67,1
DA:69,1
DA:70,1
DA:71,1
DA:72,1
DA:74,1
DA:75,1
DA:77,1
DA:78,1
DA:80,1
DA:81,1
DA:82,1
DA:83,1
DA:85,1
DA:86,1
DA:88,1
DA:89,1
DA:91,1
DA:92,1
DA:93,1
DA:94,1
DA:96,1
DA:97,1
DA:99,1
DA:100,1
DA:102,1
DA:103,1
DA:104,1
DA:105,1
DA:107,1
DA:108,1
DA:110,1
DA:111,1
DA:113,1
DA:114,1
DA:115,1
DA:116,1
DA:117,1
DA:118,1
DA:119,1
DA:120,1
DA:121,1
DA:122,1
DA:123,1
DA:124,1
DA:125,1
DA:127,1
DA:128,1
LF:95
LH:95
end_of_record
TN:stest
SF:/Users/kandice/Desktop/Libraries/Libraries/string/unit_tests/s21_memcpy_test.c
FN:102,111,test_s21_memcpy_10_fn
FN:113,128,suite_s21_memcpy
FN:14,23,test_s21_memcpy_2_fn
FN:25,34,test_s21_memcpy_3_fn
FN:3,12,test_s21_memcpy_1_fn
FN:36,45,test_s21_memcpy_4_fn
FN:47,56,test_s21_memcpy_5_fn
FN:58,67,test_s21_memcpy_6_fn
FN:69,78,test_s21_memcpy_7_fn
FN:80,89,test_s21_memcpy_8_fn
FN:91,100,test_s21_memcpy_9_fn
FNDA:1,test_s21_memcpy_10_fn
FNDA:1,suite_s21_memcpy
FNDA:1,test_s21_memcpy_2_fn
FNDA:1,test_s21_memcpy_3_fn
FNDA:1,test_s21_memcpy_1_fn
FNDA:1,test_s21_memcpy_4_fn
FNDA:1,test_s21_memcpy_5_fn
FNDA:1,test_s21_memcpy_6_fn
FNDA:1,test_s21_memcpy_7_fn
FNDA:1,test_s21_memcpy_8_fn
FNDA:1,test_s21_memcpy_9_fn
FNF:11
FNH:11
DA:3,1
DA:4,1
DA:5,1
DA:7,1
DA:8,1
DA:10,1
DA:11,15
DA:12,1
DA:14,1
DA:15,1
DA:16,1
DA:18,1
DA:19,1
DA:21,1
DA:22,10
DA:23,1
DA:25,1
DA:26,1
DA:27,1
DA:29,1
DA:30,1
DA:32,1
DA:33,7
DA:34,1
DA:36,1
DA:37,1
DA:38,1
DA:40,1
DA:41,1
DA:43,1
DA:44,13
DA:45,1
DA:47,1
DA:48,1
DA:49,1
DA:51,1
DA:52,1
DA:54,1
DA:55,11
DA:56,1
DA:58,1
DA:59,1
DA:60,1
DA:62,1
DA:63,1
DA:65,1
DA:66,6
DA:67,1
DA:69,1
DA:70,1
DA:71,1
DA:73,1
DA:74,1
DA:76,1
DA:77,5
DA:78,1
DA:80,1
DA:81,1
DA:82,1
DA:84,1
DA:85,1
DA:87,1
DA:88,4
DA:89,1
DA:91,1
DA:92,1
DA:93,1
DA:95,1
DA:96,1
DA:98,1
DA:99,8
DA:100,1
DA:102,1
DA:103,1
DA:104,1
DA:106,1
DA:107,1
DA:109,1
DA:110,7
DA:111,1
DA:113,1
DA:114,1
DA:115,1
DA:116,1
DA:117,1
DA:118,1
DA:119,1
DA:120,1
DA:121,1
DA:122,1
DA:123,1
DA:124,1
DA:125,1
DA:127,1
DA:128,1
LF:95
LH:95
end_of_record
TN:stest
SF:/Users/kandice/Desktop/Libraries/Libraries/string/unit_tests/s21_memmove_test.c
FN:115,128,overlap_write_in_right_fn
FN:131,144,overlap_write_in_mid_fn
FN:147,157,zero_test_string_fn
FN:160,170,any_empty_fn
FN:173,183,zero_test_string_with_register_fn
FN:186,196,zero_test_num_fn
FN:19,32,empty_dest_fn
FN:199,209,one_byte_string_fn
FN:212,222,one_byte_string_with_register_fn
FN:225,235,one_byte_num_fn
FN:238,248,basic_long_string_fn
FN:251,261,long_string_with_register_fn
FN:264,274,long_string_with_register_and_num_fn
FN:277,288,long_string_with_register_and_num_and_simbol_fn
FN:291,301,ints_fn
FN:3,16,empty_dest_and_src_fn
FN:304,314,floats_fn
FN:317,327,long_doubels_fn
FN:330,361,suite_s21_memmove
FN:35,48,empty_src_fn
FN:51,64,write_in_left_fn
FN:67,80,write_in_right_fn
FN:83,96,write_in_mid_fn
FN:99,112,overlap_write_in_left_fn
FNDA:1,overlap_write_in_right_fn
FNDA:1,overlap_write_in_mid_fn
FNDA:1,zero_test_string_fn
FNDA:1,any_empty_fn
FNDA:1,zero_test_string_with_register_fn
FNDA:1,zero_test_num_fn
FNDA:1,empty_dest_fn
FNDA:1,one_byte_string_fn
FNDA:1,one_byte_string_with_register_fn
FNDA:1,one_byte_num_fn
FNDA:1,basic_long_string_fn
FNDA:1,long_string_with_register_fn
FNDA:1,long_string_with_register_and_num_fn
FNDA:1,long_string_with_register_and_num_and_simbol_fn
FNDA:1,ints_fn
FNDA:1,empty_dest_and_src_fn
FNDA:1,floats_fn
FNDA:1,long_doubels_fn
FNDA:1,suite_s21_memmove
FNDA:1,empty_src_fn
FNDA:1,write_in_left_fn
FNDA:1,write_in_right_fn
FNDA:1,write_in_mid_fn
FNDA:1,overlap_write_in_left_fn
FNF:24
FNH:24
DA:3,1
DA:4,1
DA:5,1
DA:6,1
DA:8,1
DA:9,1
DA:10,1
DA:12,1
DA:13,1
DA:15,1
DA:16,1
DA:19,1
DA:20,1
DA:21,1
DA:22,1
DA:24,1
DA:25,1
DA:26,1
DA:28,1
DA:29,1
DA:31,11
DA:32,1
DA:35,1
DA:36,1
DA:37,1
DA:38,1
DA:40,1
DA:41,1
DA:42,1
DA:44,1
DA:45,1
DA:47,14
DA:48,1
DA:51,1
DA:52,1
DA:53,1
DA:54,1
DA:56,1
DA:57,1
DA:58,1
DA:60,1
DA:61,1
DA:63,18
DA:64,1
DA:67,1
DA:68,1
DA:69,1
DA:70,1
DA:72,1
DA:73,1
DA:74,1
DA:76,1
DA:77,1
DA:79,18
DA:80,1
DA:83,1
DA:84,1
DA:85,1
DA:86,1
DA:88,1
DA:89,1
DA:90,1
DA:92,1
DA:93,1
DA:95,18
DA:96,1
DA:99,1
DA:100,1
DA:101,1
DA:102,1
DA:104,1
DA:105,1
DA:106,1
DA:108,1
DA:109,1
DA:111,35
DA:112,1
DA:115,1
DA:116,1
DA:117,1
DA:118,1
DA:120,1
DA:121,1
DA:122,1
DA:124,1
DA:125,1
DA:127,35
DA:128,1
DA:131,1
DA:132,1
DA:133,1
DA:134,1
DA:136,1
DA:137,1
DA:138,1
DA:140,1
DA:141,1
DA:143,35
DA:144,1
DA:147,1
DA:148,1
DA:149,1
DA:150,1
DA:151,1
DA:153,1
DA:154,1
DA:156,1
DA:157,1
DA:160,1
DA:161,1
DA:162,1
DA:163,1
DA:164,1
DA:166,1
DA:167,1
DA:169,1
DA:170,1
DA:173,1
DA:174,1
DA:175,1
DA:176,1
DA:177,1
DA:179,1
DA:180,1
DA:182,1
DA:183,1
DA:186,1
DA:187,1
DA:188,1
DA:189,1
DA:190,1
DA:192,1
DA:193,1
DA:195,2
DA:196,1
DA:199,1
DA:200,1
DA:201,1
DA:202,1
DA:203,1
DA:205,1
DA:206,1
DA:208,2
DA:209,1
DA:212,1
DA:213,1
DA:214,1
DA:215,1
DA:216,1
DA:218,1
DA:219,1
DA:221,2
DA:222,1
DA:225,1
DA:226,1
DA:227,1
DA:228,1
DA:229,1
DA:231,1
DA:232,1
DA:234,2
DA:235,1
DA:238,1
DA:239,1
DA:240,1
DA:241,1
DA:242,1
DA:244,1
DA:245,1
DA:247,29
DA:248,1
DA:251,1
DA:252,1
DA:253,1
DA:254,1
DA:255,1
DA:257,1
DA:258,1
DA:260,37
DA:261,1
DA:264,1
DA:265,1
DA:266,1
DA:267,1
DA:268,1
DA:270,1
DA:271,1
DA:273,54
DA:274,1
DA:277,1
DA:278,1
DA:280,1
DA:281,1
DA:282,1
DA:284,1
DA:285,1
DA:287,65
DA:288,1
DA:291,1
DA:292,1
DA:293,1
DA:294,1
DA:295,1
DA:297,1
DA:298,1
DA:300,5
DA:301,1
DA:304,1
DA:305,1
DA:306,1
DA:307,1
DA:308,1
DA:310,1
DA:311,1
DA:313,9
DA:314,1
DA:317,1
DA:318,1
DA:319,1
DA:320,1
DA:321,1
DA:323,1
DA:324,1
DA:326,17
DA:327,1
DA:330,1
DA:331,1
DA:332,1
DA:334,1
DA:335,1
DA:336,1
DA:337,1
DA:338,1
DA:339,1
DA:340,1
DA:341,1
DA:342,1
DA:345,1
DA:346,1
DA:347,1
DA:348,1
DA:349,1
DA:350,1
DA:351,1
DA:352,1
DA:353,1
DA:354,1
DA:355,1
DA:356,1
DA:357,1
DA:358,1
DA:360,1
DA:361,1
LF:253
LH:253
end_of_record
TN:stest
SF:/Users/kandice/Desktop/Libraries/Libraries/string/unit_tests/s21_memset_test.c
FN:108,122,test_s21_memset_10_fn
FN:125,140,suite_s21_memset
FN:13,21,test_s21_memset_2_fn
FN:23,31,test_s21_memset_3_fn
FN:3,11,test_s21_memset_1_fn
FN:33,42,test_s21_memset_4_fn
FN:44,54,test_s21_memset_5_fn
FN:57,67,test_s21_memset_6_fn
FN:69,79,test_s21_memset_7_fn
FN:82,92,test_s21_memset_8_fn
FN:95,105,test_s21_memset_9_fn
FNDA:1,test_s21_memset_10_fn
FNDA:1,suite_s21_memset
FNDA:1,test_s21_memset_2_fn
FNDA:1,test_s21_memset_3_fn
FNDA:1,test_s21_memset_1_fn
FNDA:1,test_s21_memset_4_fn
FNDA:1,test_s21_memset_5_fn
FNDA:1,test_s21_memset_6_fn
FNDA:1,test_s21_memset_7_fn
FNDA:1,test_s21_memset_8_fn
FNDA:1,test_s21_memset_9_fn
FNF:11
FNH:11
DA:3,1
DA:4,1
DA:5,1
DA:7,1
DA:8,1
DA:10,1
DA:11,1
DA:13,1
DA:14,1
DA:15,1
DA:17,1
DA:18,1
DA:20,1
DA:21,1
DA:23,1
DA:24,1
DA:25,1
DA:27,1
DA:28,1
DA:30,1
DA:31,1
DA:33,1
DA:34,1
DA:35,1
DA:36,1
DA:38,1
DA:39,1
DA:41,1
DA:42,1
DA:44,1
DA:45,1
DA:46,1
DA:47,1
DA:48,1
DA:50,1
DA:51,1
DA:53,1
DA:54,1
DA:57,1
DA:58,1
DA:59,1
DA:60,1
DA:61,1
DA:63,1
DA:64,1
DA:66,1
DA:67,1
DA:69,1
DA:70,1
DA:71,1
DA:72,1
DA:73,1
DA:75,1
DA:76,1
DA:78,1
DA:79,1
DA:82,1
DA:83,1
DA:84,1
DA:85,1
DA:86,1
DA:88,1
DA:89,1
DA:91,1
DA:92,1
DA:95,1
DA:96,1
DA:97,1
DA:98,1
DA:99,1
DA:101,1
DA:102,1
DA:104,1
DA:105,1
DA:108,1
DA:109,1
DA:112,1
DA:115,1
DA:116,1
DA:118,1
DA:119,1
DA:121,1
DA:122,1
DA:125,1
DA:126,1
DA:127,1
DA:128,1
DA:129,1
DA:130,1
DA:131,1
DA:132,1
DA:133,1
DA:134,1
DA:135,1
DA:136,1
DA:137,1
DA:139,1
DA:140,1
LF:98
LH:98
end_of_record
TN:stest
SF:/Users/kandice/Desktop/Libraries/Libraries/string/unit_tests/s21_sprintf_test.c
FN:100,111,many_flags_many_ints1_fn
FN:1002,1009,test_111one_dec1_fn
FN:1012,1020,test_111many_dec1_fn
FN:1023,1030,test_111onE_int1_fn
FN:1033,1041,test_111many_int_fn
FN:1044,1052,test_111one_float1_fn
FN:1055,1064,test_111many_float1_fn
FN:1067,1075,test_111one_unsigned_dec_fn
FN:1078,1087,test_111many_unsigned_dec_fn
FN:1090,1097,test_111one_char1_with_alignment_left_fn
FN:1100,1108,test_111one_char1_with_alignment_right_fn
FN:1111,1120,test_111many_char_with_alignment_fn
FN:1124,1135,test_111one_hex_lower_fn
FN:1138,1150,test_111one_hex_upper_fn
FN:114,123,flags_long_int1_fn
FN:1153,1161,test_111many_hex_lower_fn
FN:1164,1172,test_111many_hex_upper_fn
FN:1177,1189,test_111one_hex_lower_with_alignment_left_fn
FN:1192,1204,test_111one_hex_lower_with_alignment_right_fn
FN:1207,1219,test_111one_hex_upper_with_alignment_left_fn
FN:1222,1234,test_111one_hex_upper_with_alignment_right_fn
FN:1237,1245,test_111many_hex_lower_with_alignment_fn
FN:1248,1255,test_111many_hex_upper_with_alignment_fn
FN:126,135,flags_short_int1_fn
FN:1260,1272,test_111one_hex_with_hashtag_fn
FN:1275,1287,test_111one_hex_upper_with_hashtag_fn
FN:1290,1299,test_111many_hex_lower_with_hashtag_and_alignm_fn
FN:1302,1311,test_111many_hex_upper_with_hashtag_and_alignm_fn
FN:1316,1331,test_111one_hex_lower_with_width_star_fn
FN:1334,1349,test_111one_hex_upper_with_width_star_fn
FN:1352,1361,test_111many_hex_lower_with_width_star_and_align_and_hashtag_fn
FN:1364,1373,test_111many_hex_upper_with_width_star_fn
FN:1378,1386,test_111one_hex_lower_with_precision_fn
FN:138,148,flags_another_long_int1_fn
FN:1389,1397,test_111one_hex_upper_with_precision_fn
FN:14,23,precisE_int11_fn
FN:1400,1411,test_111many_hex_lower_with_precision_and_other_fn
FN:1414,1426,test_111many_hex_upper_with_precision_and_other_fn
FN:1431,1450,test_111one_hex_lower_with_length_fn
FN:1453,1472,test_111one_hex_upper_with_length_fn
FN:1475,1483,test_111sprintf1_fn
FN:1486,1494,test_111sprintf2_fn
FN:1497,1505,test_111sprintf3_fn
FN:1508,1519,test_111sprintf4_fn
FN:151,160,zero_precision_zero_int1_fn
FN:1522,1531,test_111sprintf6_fn
FN:1534,1543,test_111sprintf7_fn
FN:1546,1555,test_111sprintf8_fn
FN:1558,1567,test_111sprintf9_fn
FN:1570,1579,test_111sprintf10_fn
FN:1582,1591,test_111sprintf11_fn
FN:1594,1605,test_111sprintf12_fn
FN:1608,1617,test_111sprintf14_fn
FN:1620,1629,test_111sprintf15_fn
FN:163,172,space_flag_int1_fn
FN:1632,1640,test_111sprintf16_fn
FN:1643,1652,test_111sprintf17_fn
FN:1655,1664,test_111sprintf18_fn
FN:1667,1676,test_111sprintf19_fn
FN:1679,1688,test_111sprintf20_fn
FN:1691,1703,test_111sprintf24_fn
FN:1706,1715,test_111sprintf25_fn
FN:1718,1729,test_111sprintf28_fn
FN:1732,1741,test_111sprintf29_fn
FN:1744,1752,test_111sprintf30_fn
FN:175,184,unsigned_val1_fn
FN:1755,1763,test_111sprintf31_fn
FN:1766,1775,test_111sprintf32_fn
FN:1778,1787,test_111sprintf33_fn
FN:1790,1799,test_111sprintf35_fn
FN:1802,1811,test_111sprintf36_fn
FN:1814,1823,test_111sprintf37_fn
FN:1826,1835,test_111sprintf38_fn
FN:1838,1849,test_111sprintf39_fn
FN:1852,1861,test_111sprintf40_fn
FN:1864,1873,test_111sprintf41_fn
FN:187,196,unsigned_val1_width_fn
FN:1876,1884,test_111sprintf42_fn
FN:1887,1896,test_111sprintf43_fn
FN:1899,1907,test_111sprintf44_fn
FN:1910,1918,g_trailing_zero11_fn
FN:1921,1929,g_large1_fn
FN:1931,1939,g_small1_fn
FN:1941,1949,g_precision1_fn
FN:1951,1959,g_precision1_zero_fn
FN:1961,1969,g_precision1_missing_fn
FN:1971,1979,g_many1_zeroes_in_front1_fn
FN:1981,1989,g_one_zero1_fn
FN:199,208,unsigned_val1_flags_fn
FN:1991,1999,g_zero1_fn
FN:2,11,simplE_int11_fn
FN:2002,2010,g_mantiss1_fn
FN:2012,2020,g_mantiss1_flags_fn
FN:2022,2030,g_short_no_mantiss1_fn
FN:2032,2040,LG1_fn
FN:2043,2057,g_many1_fn
FN:2060,2070,width_char1_fn
FN:2072,2284,s21_sprintf_test_2_percent_option_fn
FN:211,220,unsigned_val1_precision_fn
FN:222,231,unsigned_val1_many_flags_fn
FN:2287,2466,suite_s21_sprintf
FN:233,242,unsigned_val1_short_fn
FN:245,254,unsigned_val1_long_fn
FN:257,269,unsigned_val1_many_fn
FN:26,35,width_int1_fn
FN:271,280,octal1_width1_fn
FN:283,292,octal1_flags1_fn
FN:295,304,octal1_precision1_fn
FN:306,315,octal1_many_flags_fn
FN:318,326,octal1_zero_fn
FN:329,338,octal1_hash_fn
FN:340,349,octal1_short_fn
FN:352,361,octal1_long_fn
FN:364,376,octal1_many_fn
FN:379,388,octal1_fn
FN:38,47,minus_width_int1_fn
FN:391,400,unsigned_zero1_fn
FN:403,412,hex_width1_fn
FN:415,424,hex_flags1_fn
FN:426,435,hex_precision1_fn
FN:437,447,hex_many1_fn
FN:449,458,hex_many1_flags_fn
FN:460,469,hex_zero1_fn
FN:471,480,hex_huge1_fn
FN:482,491,hex_short1_fn
FN:493,502,hex_long1_fn
FN:50,59,plus_width_int1_fn
FN:504,513,hex_one_longer_width1_fn
FN:516,525,hex_two_longer_width1_fn
FN:528,537,one_char1_fn
FN:539,548,one_precision11_fn
FN:551,560,one_flags11_fn
FN:563,572,one_width11_fn
FN:575,585,one_many11_fn
FN:588,597,one_many11_flags_fn
FN:600,609,string1_fn
FN:611,620,string1_precision_fn
FN:62,71,padding_int1_fn
FN:622,631,string1_width_fn
FN:633,642,string1_flags_fn
FN:645,655,string1_long_fn
FN:658,672,string1_many_fn
FN:674,683,ptr1_fn
FN:685,694,ptr1_width_fn
FN:696,705,ptr1_precision_fn
FN:707,717,null_ptr1_fn
FN:720,728,string1_width_huge_fn
FN:730,739,n_specifier1_fn
FN:74,84,star_width_int1_fn
FN:741,749,float_precision1_fn
FN:751,759,float_width1_fn
FN:761,769,float_precision1_zero_fn
FN:772,780,float_precision1_empty_fn
FN:782,790,float_precision1_huge_fn
FN:793,801,float_precision1_huge_negative_fn
FN:804,812,float_huge1_fn
FN:814,822,float_flags1_fn
FN:824,838,float_many1_fn
FN:840,848,e_precision1_fn
FN:850,858,e_precision1_zero_fn
FN:861,869,e_precision1_empty_fn
FN:87,97,star_precision_int1_fn
FN:871,879,e_precision1_huge_fn
FN:882,890,e_precision1_huge_negative_fn
FN:893,901,e_huge1_fn
FN:903,911,e_flags1_fn
FN:913,921,e_width1_fn
FN:923,937,e_many1_fn
FN:939,945,all_empty1_fn
FN:948,955,empty_format_and_parameters1_fn
FN:958,965,test_111one_char1_fn
FN:968,976,test_111many_char_fn
FN:979,987,test_111one_string1_fn
FN:990,999,test_111many_string1_fn
FNDA:1,many_flags_many_ints1_fn
FNDA:1,test_111one_dec1_fn
FNDA:1,test_111many_dec1_fn
FNDA:1,test_111onE_int1_fn
FNDA:1,test_111many_int_fn
FNDA:1,test_111one_float1_fn
FNDA:1,test_111many_float1_fn
FNDA:1,test_111one_unsigned_dec_fn
FNDA:1,test_111many_unsigned_dec_fn
FNDA:1,test_111one_char1_with_alignment_left_fn
FNDA:1,test_111one_char1_with_alignment_right_fn
FNDA:1,test_111many_char_with_alignment_fn
FNDA:1,test_111one_hex_lower_fn
FNDA:1,test_111one_hex_upper_fn
FNDA:1,flags_long_int1_fn
FNDA:1,test_111many_hex_lower_fn
FNDA:1,test_111many_hex_upper_fn
FNDA:1,test_111one_hex_lower_with_alignment_left_fn
FNDA:1,test_111one_hex_lower_with_alignment_right_fn
FNDA:1,test_111one_hex_upper_with_alignment_left_fn
FNDA:1,test_111one_hex_upper_with_alignment_right_fn
FNDA:1,test_111many_hex_lower_with_alignment_fn
FNDA:1,test_111many_hex_upper_with_alignment_fn
FNDA:1,flags_short_int1_fn
FNDA:1,test_111one_hex_with_hashtag_fn
FNDA:1,test_111one_hex_upper_with_hashtag_fn
FNDA:1,test_111many_hex_lower_with_hashtag_and_alignm_fn
FNDA:1,test_111many_hex_upper_with_hashtag_and_alignm_fn
FNDA:1,test_111one_hex_lower_with_width_star_fn
FNDA:1,test_111one_hex_upper_with_width_star_fn
FNDA:1,test_111many_hex_lower_with_width_star_and_align_and_hashtag_fn
FNDA:1,test_111many_hex_upper_with_width_star_fn
FNDA:1,test_111one_hex_lower_with_precision_fn
FNDA:1,flags_another_long_int1_fn
FNDA:1,test_111one_hex_upper_with_precision_fn
FNDA:1,precisE_int11_fn
FNDA:1,test_111many_hex_lower_with_precision_and_other_fn
FNDA:1,test_111many_hex_upper_with_precision_and_other_fn
FNDA:1,test_111one_hex_lower_with_length_fn
FNDA:1,test_111one_hex_upper_with_length_fn
FNDA:1,test_111sprintf1_fn
FNDA:1,test_111sprintf2_fn
FNDA:1,test_111sprintf3_fn
FNDA:1,test_111sprintf4_fn
FNDA:1,zero_precision_zero_int1_fn
FNDA:1,test_111sprintf6_fn
FNDA:1,test_111sprintf7_fn
FNDA:1,test_111sprintf8_fn
FNDA:1,test_111sprintf9_fn
FNDA:1,test_111sprintf10_fn
FNDA:1,test_111sprintf11_fn
FNDA:1,test_111sprintf12_fn
FNDA:1,test_111sprintf14_fn
FNDA:1,test_111sprintf15_fn
FNDA:1,space_flag_int1_fn
FNDA:1,test_111sprintf16_fn
FNDA:1,test_111sprintf17_fn
FNDA:1,test_111sprintf18_fn
FNDA:1,test_111sprintf19_fn
FNDA:1,test_111sprintf20_fn
FNDA:1,test_111sprintf24_fn
FNDA:1,test_111sprintf25_fn
FNDA:1,test_111sprintf28_fn
FNDA:1,test_111sprintf29_fn
FNDA:1,test_111sprintf30_fn
FNDA:1,unsigned_val1_fn
FNDA:1,test_111sprintf31_fn
FNDA:1,test_111sprintf32_fn
FNDA:1,test_111sprintf33_fn
FNDA:1,test_111sprintf35_fn
FNDA:1,test_111sprintf36_fn
FNDA:1,test_111sprintf37_fn
FNDA:1,test_111sprintf38_fn
FNDA:1,test_111sprintf39_fn
FNDA:1,test_111sprintf40_fn
FNDA:1,test_111sprintf41_fn
FNDA:1,unsigned_val1_width_fn
FNDA:1,test_111sprintf42_fn
FNDA:1,test_111sprintf43_fn
FNDA:1,test_111sprintf44_fn
FNDA:1,g_trailing_zero11_fn
FNDA:1,g_large1_fn
FNDA:1,g_small1_fn
FNDA:1,g_precision1_fn
FNDA:1,g_precision1_zero_fn
FNDA:1,g_precision1_missing_fn
FNDA:1,g_many1_zeroes_in_front1_fn
FNDA:1,g_one_zero1_fn
FNDA:1,unsigned_val1_flags_fn
FNDA:1,g_zero1_fn
FNDA:1,simplE_int11_fn
FNDA:1,g_mantiss1_fn
FNDA:1,g_mantiss1_flags_fn
FNDA:1,g_short_no_mantiss1_fn
FNDA:1,LG1_fn
FNDA:1,g_many1_fn
FNDA:1,width_char1_fn
FNDA:1,s21_sprintf_test_2_percent_option_fn
FNDA:1,unsigned_val1_precision_fn
FNDA:1,unsigned_val1_many_flags_fn
FNDA:1,suite_s21_sprintf
FNDA:1,unsigned_val1_short_fn
FNDA:1,unsigned_val1_long_fn
FNDA:1,unsigned_val1_many_fn
FNDA:1,width_int1_fn
FNDA:1,octal1_width1_fn
FNDA:1,octal1_flags1_fn
FNDA:1,octal1_precision1_fn
FNDA:1,octal1_many_flags_fn
FNDA:1,octal1_zero_fn
FNDA:1,octal1_hash_fn
FNDA:1,octal1_short_fn
FNDA:1,octal1_long_fn
FNDA:1,octal1_many_fn
FNDA:1,octal1_fn
FNDA:1,minus_width_int1_fn
FNDA:1,unsigned_zero1_fn
FNDA:1,hex_width1_fn
FNDA:1,hex_flags1_fn
FNDA:1,hex_precision1_fn
FNDA:1,hex_many1_fn
FNDA:1,hex_many1_flags_fn
FNDA:1,hex_zero1_fn
FNDA:1,hex_huge1_fn
FNDA:1,hex_short1_fn
FNDA:1,hex_long1_fn
FNDA:1,plus_width_int1_fn
FNDA:1,hex_one_longer_width1_fn
FNDA:1,hex_two_longer_width1_fn
FNDA:1,one_char1_fn
FNDA:1,one_precision11_fn
FNDA:1,one_flags11_fn
FNDA:1,one_width11_fn
FNDA:1,one_many11_fn
FNDA:1,one_many11_flags_fn
FNDA:1,string1_fn
FNDA:1,string1_precision_fn
FNDA:1,padding_int1_fn
FNDA:1,string1_width_fn
FNDA:1,string1_flags_fn
FNDA:1,string1_long_fn
FNDA:1,string1_many_fn
FNDA:1,ptr1_fn
FNDA:1,ptr1_width_fn
FNDA:1,ptr1_precision_fn
FNDA:1,null_ptr1_fn
FNDA:1,string1_width_huge_fn
FNDA:1,n_specifier1_fn
FNDA:1,star_width_int1_fn
FNDA:1,float_precision1_fn
FNDA:1,float_width1_fn
FNDA:1,float_precision1_zero_fn
FNDA:1,float_precision1_empty_fn
FNDA:1,float_precision1_huge_fn
FNDA:1,float_precision1_huge_negative_fn
FNDA:1,float_huge1_fn
FNDA:1,float_flags1_fn
FNDA:1,float_many1_fn
FNDA:1,e_precision1_fn
FNDA:1,e_precision1_zero_fn
FNDA:1,e_precision1_empty_fn
FNDA:1,star_precision_int1_fn
FNDA:1,e_precision1_huge_fn
FNDA:1,e_precision1_huge_negative_fn
FNDA:1,e_huge1_fn
FNDA:1,e_flags1_fn
FNDA:1,e_width1_fn
FNDA:1,e_many1_fn
FNDA:1,all_empty1_fn
FNDA:1,empty_format_and_parameters1_fn
FNDA:1,test_111one_char1_fn
FNDA:1,test_111many_char_fn
FNDA:1,test_111one_string1_fn
FNDA:1,test_111many_string1_fn
FNF:174
FNH:174
DA:2,1
DA:6,1
DA:7,1
DA:8,1
DA:10,1
DA:11,1
DA:14,1
DA:18,1
DA:19,1
DA:20,1
DA:22,1
DA:23,1
DA:26,1
DA:30,1
DA:31,1
DA:32,1
DA:34,1
DA:35,1
DA:38,1
DA:42,1
DA:43,1
DA:44,1
DA:46,1
DA:47,1
DA:50,1
DA:54,1
DA:55,1
DA:56,1
DA:58,1
DA:59,1
DA:62,1
DA:66,1
DA:67,1
DA:68,1
DA:70,1
DA:71,1
DA:74,1
DA:78,1
DA:79,1
DA:80,1
DA:83,1
DA:84,1
DA:87,1
DA:91,1
DA:92,1
DA:93,1
DA:96,1
DA:97,1
DA:100,1
DA:104,1
DA:105,1
DA:106,1
DA:110,1
DA:111,1
DA:114,1
DA:118,1
DA:119,1
DA:120,1
DA:122,1
DA:123,1
DA:126,1
DA:130,1
DA:131,1
DA:132,1
DA:134,1
DA:135,1
DA:138,1
DA:142,1
DA:143,1
DA:144,1
DA:147,1
DA:148,1
DA:151,1
DA:155,1
DA:156,1
DA:157,1
DA:159,1
DA:160,1
DA:163,1
DA:167,1
DA:168,1
DA:169,1
DA:171,1
DA:172,1
DA:175,1
DA:179,1
DA:180,1
DA:181,1
DA:183,1
DA:184,1
DA:187,1
DA:191,1
DA:192,1
DA:193,1
DA:195,1
DA:196,1
DA:199,1
DA:203,1
DA:204,1
DA:205,1
DA:207,1
DA:208,1
DA:211,1
DA:215,1
DA:216,1
DA:217,1
DA:219,1
DA:220,1
DA:222,1
DA:226,1
DA:227,1
DA:228,1
DA:230,1
DA:231,1
DA:233,1
DA:237,1
DA:238,1
DA:239,1
DA:241,1
DA:242,1
DA:245,1
DA:249,1
DA:250,1
DA:251,1
DA:253,1
DA:254,1
DA:257,1
DA:261,1
DA:262,1
DA:263,1
DA:268,1
DA:269,1
DA:271,1
DA:275,1
DA:276,1
DA:277,1
DA:279,1
DA:280,1
DA:283,1
DA:287,1
DA:288,1
DA:289,1
DA:291,1
DA:292,1
DA:295,1
DA:299,1
DA:300,1
DA:301,1
DA:303,1
DA:304,1
DA:306,1
DA:310,1
DA:311,1
DA:312,1
DA:314,1
DA:315,1
DA:318,1
DA:322,1
DA:323,1
DA:325,1
DA:326,1
DA:329,1
DA:333,1
DA:334,1
DA:335,1
DA:337,1
DA:338,1
DA:340,1
DA:344,1
DA:345,1
DA:346,1
DA:348,1
DA:349,1
DA:352,1
DA:356,1
DA:357,1
DA:358,1
DA:360,1
DA:361,1
DA:364,1
DA:368,1
DA:369,1
DA:370,1
DA:375,1
DA:376,1
DA:379,1
DA:383,1
DA:384,1
DA:385,1
DA:387,1
DA:388,1
DA:391,1
DA:395,1
DA:396,1
DA:399,1
DA:400,1
DA:403,1
DA:407,1
DA:408,1
DA:409,1
DA:411,1
DA:412,1
DA:415,1
DA:419,1
DA:420,1
DA:421,1
DA:423,1
DA:424,1
DA:426,1
DA:430,1
DA:431,1
DA:432,1
DA:434,1
DA:435,1
DA:437,1
DA:441,1
DA:442,1
DA:443,1
DA:446,1
DA:447,1
DA:449,1
DA:453,1
DA:454,1
DA:455,1
DA:457,1
DA:458,1
DA:460,1
DA:464,1
DA:465,1
DA:466,1
DA:468,1
DA:469,1
DA:471,1
DA:475,1
DA:476,1
DA:477,1
DA:479,1
DA:480,1
DA:482,1
DA:486,1
DA:487,1
DA:488,1
DA:490,1
DA:491,1
DA:493,1
DA:497,1
DA:498,1
DA:499,1
DA:501,1
DA:502,1
DA:504,1
DA:508,1
DA:509,1
DA:510,1
DA:512,1
DA:513,1
DA:516,1
DA:520,1
DA:521,1
DA:522,1
DA:524,1
DA:525,1
DA:528,1
DA:532,1
DA:533,1
DA:534,1
DA:536,1
DA:537,1
DA:539,1
DA:543,1
DA:544,1
DA:545,1
DA:547,1
DA:548,1
DA:551,1
DA:555,1
DA:556,1
DA:557,1
DA:559,1
DA:560,1
DA:563,1
DA:567,1
DA:568,1
DA:569,1
DA:571,1
DA:572,1
DA:575,1
DA:579,1
DA:580,1
DA:581,1
DA:584,1
DA:585,1
DA:588,1
DA:592,1
DA:593,1
DA:594,1
DA:596,1
DA:597,1
DA:600,1
DA:604,1
DA:605,1
DA:606,1
DA:608,1
DA:609,1
DA:611,1
DA:615,1
DA:616,1
DA:617,1
DA:619,1
DA:620,1
DA:622,1
DA:626,1
DA:627,1
DA:628,1
DA:630,1
DA:631,1
DA:633,1
DA:637,1
DA:638,1
DA:639,1
DA:641,1
DA:642,1
DA:645,1
DA:649,1
DA:650,1
DA:652,1
DA:654,1
DA:655,1
DA:658,1
DA:662,1
DA:663,1
DA:665,1
DA:666,1
DA:667,1
DA:668,1
DA:671,1
DA:672,1
DA:674,1
DA:678,1
DA:679,1
DA:682,1
DA:683,1
DA:685,1
DA:689,1
DA:690,1
DA:693,1
DA:694,1
DA:696,1
DA:700,1
DA:701,1
DA:704,1
DA:705,1
DA:707,1
DA:711,1
DA:712,1
DA:713,1
DA:716,1
DA:717,1
DA:720,1
DA:723,1
DA:724,1
DA:725,1
DA:727,1
DA:728,1
DA:730,1
DA:733,1
DA:734,1
DA:735,1
DA:738,1
DA:739,1
DA:741,1
DA:744,1
DA:745,1
DA:746,1
DA:748,1
DA:749,1
DA:751,1
DA:754,1
DA:755,1
DA:756,1
DA:758,1
DA:759,1
DA:761,1
DA:764,1
DA:765,1
DA:766,1
DA:768,1
DA:769,1
DA:772,1
DA:775,1
DA:776,1
DA:777,1
DA:779,1
DA:780,1
DA:782,1
DA:785,1
DA:786,1
DA:787,1
DA:789,1
DA:790,1
DA:793,1
DA:796,1
DA:797,1
DA:798,1
DA:800,1
DA:801,1
DA:804,1
DA:807,1
DA:808,1
DA:809,1
DA:811,1
DA:812,1
DA:814,1
DA:817,1
DA:818,1
DA:819,1
DA:821,1
DA:822,1
DA:824,1
DA:827,1
DA:828,1
DA:829,1
DA:830,1
DA:831,1
DA:832,1
DA:833,1
DA:834,1
DA:837,1
DA:838,1
DA:840,1
DA:843,1
DA:844,1
DA:845,1
DA:847,1
DA:848,1
DA:850,1
DA:853,1
DA:854,1
DA:855,1
DA:857,1
DA:858,1
DA:861,1
DA:864,1
DA:865,1
DA:866,1
DA:868,1
DA:869,1
DA:871,1
DA:874,1
DA:875,1
DA:876,1
DA:878,1
DA:879,1
DA:882,1
DA:885,1
DA:886,1
DA:887,1
DA:889,1
DA:890,1
DA:893,1
DA:896,1
DA:897,1
DA:898,1
DA:900,1
DA:901,1
DA:903,1
DA:906,1
DA:907,1
DA:908,1
DA:910,1
DA:911,1
DA:913,1
DA:916,1
DA:917,1
DA:918,1
DA:920,1
DA:921,1
DA:923,1
DA:926,1
DA:927,1
DA:928,1
DA:929,1
DA:930,1
DA:931,1
DA:932,1
DA:933,1
DA:936,1
DA:937,1
DA:939,1
DA:942,1
DA:944,1
DA:945,1
DA:948,1
DA:952,1
DA:954,1
DA:955,1
DA:958,1
DA:962,1
DA:964,1
DA:965,1
DA:968,1
DA:972,1
DA:975,1
DA:976,1
DA:979,1
DA:983,1
DA:986,1
DA:987,1
DA:990,1
DA:994,1
DA:998,1
DA:999,1
DA:1002,1
DA:1006,1
DA:1008,1
DA:1009,1
DA:1012,1
DA:1016,1
DA:1019,1
DA:1020,1
DA:1023,1
DA:1027,1
DA:1029,1
DA:1030,1
DA:1033,1
DA:1037,1
DA:1040,1
DA:1041,1
DA:1044,1
DA:1048,1
DA:1051,1
DA:1052,1
DA:1055,1
DA:1059,1
DA:1063,1
DA:1064,1
DA:1067,1
DA:1071,1
DA:1074,1
DA:1075,1
DA:1078,1
DA:1082,1
DA:1086,1
DA:1087,1
DA:1090,1
DA:1094,1
DA:1096,1
DA:1097,1
DA:1100,1
DA:1104,1
DA:1107,1
DA:1108,1
DA:1111,1
DA:1115,1
DA:1119,1
DA:1120,1
DA:1124,1
DA:1127,1
DA:1129,1
DA:1130,1
DA:1131,1
DA:1132,1
DA:1134,1
DA:1135,1
DA:1138,1
DA:1142,1
DA:1144,1
DA:1145,1
DA:1146,1
DA:1147,1
DA:1149,1
DA:1150,1
DA:1153,1
DA:1157,1
DA:1160,1
DA:1161,1
DA:1164,1
DA:1168,1
DA:1171,1
DA:1172,1
DA:1177,1
DA:1181,1
DA:1183,1
DA:1184,1
DA:1185,1
DA:1186,1
DA:1188,1
DA:1189,1
DA:1192,1
DA:1196,1
DA:1198,1
DA:1199,1
DA:1200,1
DA:1201,1
DA:1203,1
DA:1204,1
DA:1207,1
DA:1211,1
DA:1213,1
DA:1214,1
DA:1215,1
DA:1216,1
DA:1218,1
DA:1219,1
DA:1222,1
DA:1226,1
DA:1228,1
DA:1229,1
DA:1230,1
DA:1231,1
DA:1233,1
DA:1234,1
DA:1237,1
DA:1241,1
DA:1244,1
DA:1245,1
DA:1248,1
DA:1251,1
DA:1254,1
DA:1255,1
DA:1260,1
DA:1264,1
DA:1266,1
DA:1267,1
DA:1268,1
DA:1269,1
DA:1271,1
DA:1272,1
DA:1275,1
DA:1279,1
DA:1281,1
DA:1282,1
DA:1283,1
DA:1284,1
DA:1286,1
DA:1287,1
DA:1290,1
DA:1294,1
DA:1298,1
DA:1299,1
DA:1302,1
DA:1306,1
DA:1310,1
DA:1311,1
DA:1316,1
DA:1320,1
DA:1322,1
DA:1324,1
DA:1326,1
DA:1328,1
DA:1330,1
DA:1331,1
DA:1334,1
DA:1338,1
DA:1340,1
DA:1342,1
DA:1344,1
DA:1346,1
DA:1348,1
DA:1349,1
DA:1352,1
DA:1356,1
DA:1360,1
DA:1361,1
DA:1364,1
DA:1368,1
DA:1372,1
DA:1373,1
DA:1378,1
DA:1382,1
DA:1383,1
DA:1384,1
DA:1385,1
DA:1386,1
DA:1389,1
DA:1393,1
DA:1394,1
DA:1395,1
DA:1396,1
DA:1397,1
DA:1400,1
DA:1403,1
DA:1404,1
DA:1406,1
DA:1409,1
DA:1410,1
DA:1411,1
DA:1414,1
DA:1418,1
DA:1425,1
DA:1426,1
DA:1431,1
DA:1435,1
DA:1437,1
DA:1438,1
DA:1440,1
DA:1441,1
DA:1443,1
DA:1444,1
DA:1445,1
DA:1446,1
DA:1447,1
DA:1448,1
DA:1449,1
DA:1450,1
DA:1453,1
DA:1457,1
DA:1459,1
DA:1460,1
DA:1462,1
DA:1463,1
DA:1465,1
DA:1466,1
DA:1467,1
DA:1468,1
DA:1469,1
DA:1470,1
DA:1471,1
DA:1472,1
DA:1475,1
DA:1478,1
DA:1480,1
DA:1482,1
DA:1483,1
DA:1486,1
DA:1489,1
DA:1491,1
DA:1493,1
DA:1494,1
DA:1497,1
DA:1500,1
DA:1502,1
DA:1504,1
DA:1505,1
DA:1508,1
DA:1511,1
DA:1513,1
DA:1514,1
DA:1515,1
DA:1516,1
DA:1518,1
DA:1519,1
DA:1522,1
DA:1525,1
DA:1527,1
DA:1530,1
DA:1531,1
DA:1534,1
DA:1537,1
DA:1539,1
DA:1542,1
DA:1543,1
DA:1546,1
DA:1549,1
DA:1551,1
DA:1554,1
DA:1555,1
DA:1558,1
DA:1561,1
DA:1563,1
DA:1566,1
DA:1567,1
DA:1570,1
DA:1573,1
DA:1575,1
DA:1578,1
DA:1579,1
DA:1582,1
DA:1585,1
DA:1587,1
DA:1590,1
DA:1591,1
DA:1594,1
DA:1597,1
DA:1598,1
DA:1600,1
DA:1604,1
DA:1605,1
DA:1608,1
DA:1611,1
DA:1613,1
DA:1616,1
DA:1617,1
DA:1620,1
DA:1623,1
DA:1625,1
DA:1628,1
DA:1629,1
DA:1632,1
DA:1635,1
DA:1637,1
DA:1639,1
DA:1640,1
DA:1643,1
DA:1646,1
DA:1648,1
DA:1651,1
DA:1652,1
DA:1655,1
DA:1658,1
DA:1660,1
DA:1663,1
DA:1664,1
DA:1667,1
DA:1670,1
DA:1672,1
DA:1675,1
DA:1676,1
DA:1679,1
DA:1682,1
DA:1684,1
DA:1687,1
DA:1688,1
DA:1691,1
DA:1694,1
DA:1696,1
DA:1702,1
DA:1703,1
DA:1706,1
DA:1709,1
DA:1711,1
DA:1714,1
DA:1715,1
DA:1718,1
DA:1723,1
DA:1724,1
DA:1726,1
DA:1727,1
DA:1728,1
DA:1729,1
DA:1732,1
DA:1735,1
DA:1737,1
DA:1740,1
DA:1741,1
DA:1744,1
DA:1747,1
DA:1749,1
DA:1751,1
DA:1752,1
DA:1755,1
DA:1758,1
DA:1759,1
DA:1760,1
DA:1762,1
DA:1763,1
DA:1766,1
DA:1769,1
DA:1771,1
DA:1774,1
DA:1775,1
DA:1778,1
DA:1781,1
DA:1782,1
DA:1784,1
DA:1786,1
DA:1787,1
DA:1790,1
DA:1793,1
DA:1795,1
DA:1798,1
DA:1799,1
DA:1802,1
DA:1805,1
DA:1807,1
DA:1810,1
DA:1811,1
DA:1814,1
DA:1817,1
DA:1819,1
DA:1822,1
DA:1823,1
DA:1826,1
DA:1829,1
DA:1831,1
DA:1834,1
DA:1835,1
DA:1838,1
DA:1841,1
DA:1842,1
DA:1843,1
DA:1844,1
DA:1845,1
DA:1848,1
DA:1849,1
DA:1852,1
DA:1855,1
DA:1857,1
DA:1860,1
DA:1861,1
DA:1864,1
DA:1867,1
DA:1868,1
DA:1870,1
DA:1872,1
DA:1873,1
DA:1876,1
DA:1879,1
DA:1880,1
DA:1881,1
DA:1883,1
DA:1884,1
DA:1887,1
DA:1890,1
DA:1892,1
DA:1895,1
DA:1896,1
DA:1899,1
DA:1902,1
DA:1903,1
DA:1904,1
DA:1906,1
DA:1907,1
DA:1910,1
DA:1913,1
DA:1914,1
DA:1915,1
DA:1917,1
DA:1918,1
DA:1921,1
DA:1924,1
DA:1925,1
DA:1926,1
DA:1928,1
DA:1929,1
DA:1931,1
DA:1934,1
DA:1935,1
DA:1936,1
DA:1938,1
DA:1939,1
DA:1941,1
DA:1944,1
DA:1945,1
DA:1946,1
DA:1948,1
DA:1949,1
DA:1951,1
DA:1954,1
DA:1955,1
DA:1956,1
DA:1958,1
DA:1959,1
DA:1961,1
DA:1964,1
DA:1965,1
DA:1966,1
DA:1968,1
DA:1969,1
DA:1971,1
DA:1974,1
DA:1975,1
DA:1976,1
DA:1978,1
DA:1979,1
DA:1981,1
DA:1984,1
DA:1985,1
DA:1986,1
DA:1988,1
DA:1989,1
DA:1991,1
DA:1994,1
DA:1995,1
DA:1996,1
DA:1998,1
DA:1999,1
DA:2002,1
DA:2005,1
DA:2006,1
DA:2007,1
DA:2009,1
DA:2010,1
DA:2012,1
DA:2015,1
DA:2016,1
DA:2017,1
DA:2019,1
DA:2020,1
DA:2022,1
DA:2025,1
DA:2026,1
DA:2027,1
DA:2029,1
DA:2030,1
DA:2032,1
DA:2035,1
DA:2036,1
DA:2037,1
DA:2039,1
DA:2040,1
DA:2043,1
DA:2046,1
DA:2047,1
DA:2048,1
DA:2049,1
DA:2050,1
DA:2051,1
DA:2052,1
DA:2053,1
DA:2056,1
DA:2057,1
DA:2060,1
DA:2064,1
DA:2065,1
DA:2066,1
DA:2067,1
DA:2068,1
DA:2069,1
DA:2070,1
DA:2072,1
DA:2073,1
DA:2074,1
DA:2075,1
DA:2076,1
DA:2077,1
DA:2078,1
DA:2079,1
DA:2080,1
DA:2082,1
DA:2083,1
DA:2084,1
DA:2085,1
DA:2086,1
DA:2087,1
DA:2088,1
DA:2089,1
DA:2091,1
DA:2092,1
DA:2093,1
DA:2094,1
DA:2095,1
DA:2096,1
DA:2097,1
DA:2098,1
DA:2100,1
DA:2101,1
DA:2102,1
DA:2103,1
DA:2104,1
DA:2105,1
DA:2106,1
DA:2108,1
DA:2109,1
DA:2110,1
DA:2111,1
DA:2112,1
DA:2113,1
DA:2114,1
DA:2115,1
DA:2116,1
DA:2118,1
DA:2119,1
DA:2121,1
DA:2122,1
DA:2123,1
DA:2124,1
DA:2125,1
DA:2127,1
DA:2128,1
DA:2130,1
DA:2131,1
DA:2132,1
DA:2133,1
DA:2134,1
DA:2136,1
DA:2137,1
DA:2139,1
DA:2140,1
DA:2141,1
DA:2142,1
DA:2143,1
DA:2145,1
DA:2146,1
DA:2148,1
DA:2149,1
DA:2150,1
DA:2151,1
DA:2152,1
DA:2154,1
DA:2155,1
DA:2156,1
DA:2157,1
DA:2158,1
DA:2160,1
DA:2161,1
DA:2162,1
DA:2163,1
DA:2165,1
DA:2166,1
DA:2167,1
DA:2168,1
DA:2169,1
DA:2171,1
DA:2172,1
DA:2173,1
DA:2174,1
DA:2176,1
DA:2177,1
DA:2178,1
DA:2179,1
DA:2180,1
DA:2181,1
DA:2182,1
DA:2183,1
DA:2184,1
DA:2185,1
DA:2186,1
DA:2187,1
DA:2188,1
DA:2189,1
DA:2190,1
DA:2191,1
DA:2192,1
DA:2193,1
DA:2195,1
DA:2196,1
DA:2197,1
DA:2198,1
DA:2199,1
DA:2200,1
DA:2201,1
DA:2202,1
DA:2203,1
DA:2205,1
DA:2206,1
DA:2207,1
DA:2208,1
DA:2209,1
DA:2210,1
DA:2211,1
DA:2212,1
DA:2213,1
DA:2215,1
DA:2216,1
DA:2217,1
DA:2218,1
DA:2219,1
DA:2220,1
DA:2221,1
DA:2222,1
DA:2223,1
DA:2225,1
DA:2226,1
DA:2227,1
DA:2228,1
DA:2229,1
DA:2230,1
DA:2231,1
DA:2232,1
DA:2233,1
DA:2235,1
DA:2236,1
DA:2237,1
DA:2238,1
DA:2239,1
DA:2240,1
DA:2241,1
DA:2242,1
DA:2243,1
DA:2245,1
DA:2246,1
DA:2247,1
DA:2248,1
DA:2249,1
DA:2250,1
DA:2251,1
DA:2252,1
DA:2253,1
DA:2255,1
DA:2256,1
DA:2257,1
DA:2258,1
DA:2259,1
DA:2260,1
DA:2261,1
DA:2262,1
DA:2263,1
DA:2265,1
DA:2266,1
DA:2267,1
DA:2268,1
DA:2269,1
DA:2270,1
DA:2271,1
DA:2272,1
DA:2273,1
DA:2275,1
DA:2276,1
DA:2277,1
DA:2278,1
DA:2279,1
DA:2280,1
DA:2281,1
DA:2282,1
DA:2283,1
DA:2284,1
DA:2287,1
DA:2288,1
DA:2289,1
DA:2290,1
DA:2291,1
DA:2292,1
DA:2293,1
DA:2294,1
DA:2295,1
DA:2296,1
DA:2297,1
DA:2298,1
DA:2299,1
DA:2300,1
DA:2301,1
DA:2302,1
DA:2303,1
DA:2304,1
DA:2305,1
DA:2306,1
DA:2307,1
DA:2308,1
DA:2309,1
DA:2310,1
DA:2311,1
DA:2312,1
DA:2313,1
DA:2314,1
DA:2315,1
DA:2316,1
DA:2317,1
DA:2318,1
DA:2319,1
DA:2320,1
DA:2321,1
DA:2322,1
DA:2323,1
DA:2324,1
DA:2325,1
DA:2326,1
DA:2327,1
DA:2328,1
DA:2329,1
DA:2330,1
DA:2331,1
DA:2332,1
DA:2333,1
DA:2334,1
DA:2335,1
DA:2336,1
DA:2337,1
DA:2338,1
DA:2339,1
DA:2340,1
DA:2341,1
DA:2342,1
DA:2343,1
DA:2344,1
DA:2345,1
DA:2346,1
DA:2347,1
DA:2348,1
DA:2349,1
DA:2350,1
DA:2351,1
DA:2352,1
DA:2353,1
DA:2354,1
DA:2355,1
DA:2356,1
DA:2357,1
DA:2358,1
DA:2359,1
DA:2360,1
DA:2361,1
DA:2362,1
DA:2363,1
DA:2364,1
DA:2365,1
DA:2366,1
DA:2367,1
DA:2368,1
DA:2369,1
DA:2370,1
DA:2371,1
DA:2372,1
DA:2373,1
DA:2374,1
DA:2375,1
DA:2376,1
DA:2377,1
DA:2378,1
DA:2379,1
DA:2380,1
DA:2381,1
DA:2382,1
DA:2383,1
DA:2384,1
DA:2385,1
DA:2386,1
DA:2387,1
DA:2388,1
DA:2389,1
DA:2390,1
DA:2391,1
DA:2392,1
DA:2393,1
DA:2394,1
DA:2395,1
DA:2396,1
DA:2397,1
DA:2398,1
DA:2399,1
DA:2400,1
DA:2401,1
DA:2402,1
DA:2403,1
DA:2405,1
DA:2406,1
DA:2407,1
DA:2408,1
DA:2409,1
DA:2410,1
DA:2411,1
DA:2412,1
DA:2413,1
DA:2414,1
DA:2415,1
DA:2416,1
DA:2417,1
DA:2418,1
DA:2419,1
DA:2420,1
DA:2421,1
DA:2422,1
DA:2423,1
DA:2424,1
DA:2425,1
DA:2426,1
DA:2427,1
DA:2428,1
DA:2429,1
DA:2430,1
DA:2431,1
DA:2432,1
DA:2433,1
DA:2434,1
DA:2435,1
DA:2436,1
DA:2437,1
DA:2438,1
DA:2439,1
DA:2440,1
DA:2441,1
DA:2442,1
DA:2443,1
DA:2444,1
DA:2445,1
DA:2446,1
DA:2447,1
DA:2448,1
DA:2449,1
DA:2450,1
DA:2451,1
DA:2452,1
DA:2453,1
DA:2454,1
DA:2455,1
DA:2456,1
DA:2457,1
DA:2458,1
DA:2459,1
DA:2460,1
DA:2461,1
DA:2462,1
DA:2463,1
DA:2465,1
DA:2466,1
LF:1375
LH:1375
end_of_record
TN:stest
SF:/Users/kandice/Desktop/Libraries/Libraries/string/unit_tests/s21_strchr_test.c
FN:11,16,test_s21_strchr_2_fn
FN:19,24,test_s21_strchr_3_fn
FN:27,32,test_s21_strchr_4_fn
FN:3,8,test_s21_strchr_1_fn
FN:35,40,test_s21_strchr_5_fn
FN:43,48,test_s21_strchr_6_fn
FN:51,62,suite_s21_strchr
FNDA:1,test_s21_strchr_2_fn
FNDA:1,test_s21_strchr_3_fn
FNDA:1,test_s21_strchr_4_fn
FNDA:1,test_s21_strchr_1_fn
FNDA:1,test_s21_strchr_5_fn
FNDA:1,test_s21_strchr_6_fn
FNDA:1,suite_s21_strchr
FNF:7
FNH:7
DA:3,1
DA:4,1
DA:5,1
DA:7,1
DA:8,1
DA:11,1
DA:12,1
DA:13,1
DA:15,1
DA:16,1
DA:19,1
DA:20,1
DA:21,1
DA:23,1
DA:24,1
DA:27,1
DA:28,1
DA:29,1
DA:31,1
DA:32,1
DA:35,1
DA:36,1
DA:37,1
DA:39,1
DA:40,1
DA:43,1
DA:44,1
DA:45,1
DA:47,1
DA:48,1
DA:51,1
DA:52,1
DA:53,1
DA:54,1
DA:55,1
DA:56,1
DA:57,1
DA:58,1
DA:59,1
DA:61,1
DA:62,1
LF:41
LH:41
end_of_record
TN:stest
SF:/Users/kandice/Desktop/Libraries/Libraries/string/unit_tests/s21_strcspn_test.c
FN:12,19,test_s21_strcspn_2_fn
FN:21,28,test_s21_strcspn_3_fn
FN:3,10,test_s21_strcspn_1_fn
FN:30,37,test_s21_strcspn_4_fn
FN:39,46,test_s21_strcspn_5_fn
FN:48,55,test_s21_strcspn_6_fn
FN:57,64,test_s21_strcspn_7_fn
FN:66,73,test_s21_strcspn_8_fn
FN:75,88,suite_s21_strcspn
FNDA:1,test_s21_strcspn_2_fn
FNDA:1,test_s21_strcspn_3_fn
FNDA:1,test_s21_strcspn_1_fn
FNDA:1,test_s21_strcspn_4_fn
FNDA:1,test_s21_strcspn_5_fn
FNDA:1,test_s21_strcspn_6_fn
FNDA:1,test_s21_strcspn_7_fn
FNDA:1,test_s21_strcspn_8_fn
FNDA:1,suite_s21_strcspn
FNF:9
FNH:9
DA:3,1
DA:4,1
DA:5,1
DA:6,1
DA:7,1
DA:9,1
DA:10,1
DA:12,1
DA:13,1
DA:14,1
DA:15,1
DA:16,1
DA:18,1
DA:19,1
DA:21,1
DA:22,1
DA:23,1
DA:24,1
DA:25,1
DA:27,1
DA:28,1
DA:30,1
DA:31,1
DA:32,1
DA:33,1
DA:34,1
DA:36,1
DA:37,1
DA:39,1
DA:40,1
DA:41,1
DA:42,1
DA:43,1
DA:45,1
DA:46,1
DA:48,1
DA:49,1
DA:50,1
DA:51,1
DA:52,1
DA:54,1
DA:55,1
DA:57,1
DA:58,1
DA:59,1
DA:60,1
DA:61,1
DA:63,1
DA:64,1
DA:66,1
DA:67,1
DA:68,1
DA:69,1
DA:70,1
DA:72,1
DA:73,1
DA:75,1
DA:76,1
DA:77,1
DA:78,1
DA:79,1
DA:80,1
DA:81,1
DA:82,1
DA:83,1
DA:84,1
DA:85,1
DA:87,1
DA:88,1
LF:69
LH:69
end_of_record
TN:stest
SF:/Users/kandice/Desktop/Libraries/Libraries/string/unit_tests/s21_strerror_test.c
FN:11,17,test_s21_strerror_2_fn
FN:19,25,test_s21_strerror_3_fn
FN:27,33,test_s21_strerror_4_fn
FN:3,9,test_s21_strerror_1_fn
FN:35,41,test_s21_strerror_5_fn
FN:43,49,test_s21_strerror_6_fn
FN:51,57,test_s21_strerror_7_fn
FN:59,65,test_s21_strerror_8_fn
FN:67,80,suite_s21_strerror
FNDA:1,test_s21_strerror_2_fn
FNDA:1,test_s21_strerror_3_fn
FNDA:1,test_s21_strerror_4_fn
FNDA:1,test_s21_strerror_1_fn
FNDA:1,test_s21_strerror_5_fn
FNDA:1,test_s21_strerror_6_fn
FNDA:1,test_s21_strerror_7_fn
FNDA:1,test_s21_strerror_8_fn
FNDA:1,suite_s21_strerror
FNF:9
FNH:9
DA:3,1
DA:4,1
DA:5,1
DA:6,1
DA:8,1
DA:9,1
DA:11,1
DA:12,1
DA:13,1
DA:14,1
DA:16,1
DA:17,1
DA:19,1
DA:20,1
DA:21,1
DA:22,1
DA:24,1
DA:25,1
DA:27,1
DA:28,1
DA:29,1
DA:30,1
DA:32,1
DA:33,1
DA:35,1
DA:36,1
DA:37,1
DA:38,1
DA:40,1
DA:41,1
DA:43,1
DA:44,1
DA:45,1
DA:46,1
DA:48,1
DA:49,1
DA:51,1
DA:52,1
DA:53,1
DA:54,1
DA:56,1
DA:57,1
DA:59,1
DA:60,1
DA:61,1
DA:62,1
DA:64,1
DA:65,1
DA:67,1
DA:68,1
DA:69,1
DA:70,1
DA:71,1
DA:72,1
DA:73,1
DA:74,1
DA:75,1
DA:76,1
DA:77,1
DA:79,1
DA:80,1
LF:61
LH:61
end_of_record
TN:stest
SF:/Users/kandice/Desktop/Libraries/Libraries/string/unit_tests/s21_string_test.c
FN:20,31,run_testcase
FN:3,18,run_tests
FN:33,35,main
FNDA:20,run_testcase
FNDA:1,run_tests
FNDA:1,main
FNF:3
FNH:3
DA:3,1
DA:4,19
DA:5,2
DA:6,2
DA:7,2
DA:8,2
DA:9,2
DA:10,2
DA:11,2
DA:12,2
DA:13,2
DA:14,21
DA:15,20
DA:16,20
DA:17,20
DA:18,1
DA:20,20
DA:22,20
DA:23,20
DA:24,20
DA:25,20
DA:27,20
DA:28,20
DA:30,20
DA:31,20
DA:33,1
DA:34,1
DA:35,1
LF:28
LH:28
end_of_record
TN:stest
SF:/Users/kandice/Desktop/Libraries/Libraries/string/unit_tests/s21_strlen_test.c
FN:11,17,test_s21_strlen_2_fn
FN:19,25,test_s21_strlen_3_fn
FN:27,33,test_s21_strlen_4_fn
FN:3,9,test_s21_strlen_1_fn
FN:35,41,test_s21_strlen_5_fn
FN:43,49,test_s21_strlen_6_fn
FN:51,62,suite_s21_strlen
FNDA:1,test_s21_strlen_2_fn
FNDA:1,test_s21_strlen_3_fn
FNDA:1,test_s21_strlen_4_fn
FNDA:1,test_s21_strlen_1_fn
FNDA:1,test_s21_strlen_5_fn
FNDA:1,test_s21_strlen_6_fn
FNDA:1,suite_s21_strlen
FNF:7
FNH:7
DA:3,1
DA:4,1
DA:5,1
DA:6,1
DA:8,1
DA:9,1
DA:11,1
DA:12,1
DA:13,1
DA:14,1
DA:16,1
DA:17,1
DA:19,1
DA:20,1
DA:21,1
DA:22,1
DA:24,1
DA:25,1
DA:27,1
DA:28,1
DA:29,1
DA:30,1
DA:32,1
DA:33,1
DA:35,1
DA:36,1
DA:37,1
DA:38,1
DA:40,1
DA:41,1
DA:43,1
DA:44,1
DA:45,1
DA:46,1
DA:48,1
DA:49,1
DA:51,1
DA:52,1
DA:53,1
DA:54,1
DA:55,1
DA:56,1
DA:57,1
DA:58,1
DA:59,1
DA:61,1
DA:62,1
LF:47
LH:47
end_of_record
TN:stest
SF:/Users/kandice/Desktop/Libraries/Libraries/string/unit_tests/s21_strncat_test.c
FN:14,23,test_s21_strncat_2_fn
FN:25,34,test_s21_strncat_3_fn
FN:3,12,test_s21_strncat_1_fn
FN:36,45,test_s21_strncat_4_fn
FN:47,56,test_s21_strncat_5_fn
FN:58,68,suite_s21_strncat
FNDA:1,test_s21_strncat_2_fn
FNDA:1,test_s21_strncat_3_fn
FNDA:1,test_s21_strncat_1_fn
FNDA:1,test_s21_strncat_4_fn
FNDA:1,test_s21_strncat_5_fn
FNDA:1,suite_s21_strncat
FNF:6
FNH:6
DA:3,1
DA:4,1
DA:5,1
DA:6,1
DA:8,1
DA:9,1
DA:11,1
DA:12,1
DA:14,1
DA:15,1
DA:16,1
DA:17,1
DA:19,1
DA:20,1
DA:22,1
DA:23,1
DA:25,1
DA:26,1
DA:27,1
DA:28,1
DA:30,1
DA:31,1
DA:33,1
DA:34,1
DA:36,1
DA:37,1
DA:38,1
DA:39,1
DA:41,1
DA:42,1
DA:44,1
DA:45,1
DA:47,1
DA:48,1
DA:49,1
DA:50,1
DA:52,1
DA:53,1
DA:55,1
DA:56,1
DA:58,1
DA:59,1
DA:60,1
DA:61,1
DA:62,1
DA:63,1
DA:64,1
DA:65,1
DA:67,1
DA:68,1
LF:50
LH:50
end_of_record
TN:stest
SF:/Users/kandice/Desktop/Libraries/Libraries/string/unit_tests/s21_strncmp_test.c
FN:13,21,test_s21_strncmp_2_fn
FN:23,31,test_s21_strncmp_3_fn
FN:3,11,test_s21_strncmp_1_fn
FN:33,41,test_s21_strncmp_4_fn
FN:43,51,test_s21_strncmp_5_fn
FN:53,61,test_s21_strncmp_6_fn
FN:63,74,suite_s21_strncmp
FNDA:1,test_s21_strncmp_2_fn
FNDA:1,test_s21_strncmp_3_fn
FNDA:1,test_s21_strncmp_1_fn
FNDA:1,test_s21_strncmp_4_fn
FNDA:1,test_s21_strncmp_5_fn
FNDA:1,test_s21_strncmp_6_fn
FNDA:1,suite_s21_strncmp
FNF:7
FNH:7
DA:3,1
DA:4,1
DA:5,1
DA:6,1
DA:7,1
DA:8,1
DA:10,1
DA:11,1
DA:13,1
DA:14,1
DA:15,1
DA:16,1
DA:17,1
DA:18,1
DA:20,1
DA:21,1
DA:23,1
DA:24,1
DA:25,1
DA:26,1
DA:27,1
DA:28,1
DA:30,1
DA:31,1
DA:33,1
DA:34,1
DA:35,1
DA:36,1
DA:37,1
DA:38,1
DA:40,1
DA:41,1
DA:43,1
DA:44,1
DA:45,1
DA:46,1
DA:47,1
DA:48,1
DA:50,1
DA:51,1
DA:53,1
DA:54,1
DA:55,1
DA:56,1
DA:57,1
DA:58,1
DA:60,1
DA:61,1
DA:63,1
DA:64,1
DA:65,1
DA:66,1
DA:67,1
DA:68,1
DA:69,1
DA:70,1
DA:71,1
DA:73,1
DA:74,1
LF:59
LH:59
end_of_record
TN:stest
SF:/Users/kandice/Desktop/Libraries/Libraries/string/unit_tests/s21_strpbrk_test.c
FN:12,19,test_s21_strpbrk_2_fn
FN:21,28,test_s21_strpbrk_3_fn
FN:3,10,test_s21_strpbrk_1_fn
FN:30,37,test_s21_strpbrk_4_fn
FN:39,46,test_s21_strpbrk_5_fn
FN:48,55,test_s21_strpbrk_6_fn
FN:57,64,test_s21_strpbrk_7_fn
FN:66,73,test_s21_strpbrk_8_fn
FN:75,88,suite_s21_strpbrk
FNDA:1,test_s21_strpbrk_2_fn
FNDA:1,test_s21_strpbrk_3_fn
FNDA:1,test_s21_strpbrk_1_fn
FNDA:1,test_s21_strpbrk_4_fn
FNDA:1,test_s21_strpbrk_5_fn
FNDA:1,test_s21_strpbrk_6_fn
FNDA:1,test_s21_strpbrk_7_fn
FNDA:1,test_s21_strpbrk_8_fn
FNDA:1,suite_s21_strpbrk
FNF:9
FNH:9
DA:3,1
DA:4,1
DA:5,1
DA:6,1
DA:7,1
DA:9,1
DA:10,1
DA:12,1
DA:13,1
DA:14,1
DA:15,1
DA:16,1
DA:18,1
DA:19,1
DA:21,1
DA:22,1
DA:23,1
DA:24,1
DA:25,1
DA:27,1
DA:28,1
DA:30,1
DA:31,1
DA:32,1
DA:33,1
DA:34,1
DA:36,1
DA:37,1
DA:39,1
DA:40,1
DA:41,1
DA:42,1
DA:43,1
DA:45,1
DA:46,1
DA:48,1
DA:49,1
DA:50,1
DA:51,1
DA:52,1
DA:54,1
DA:55,1
DA:57,1
DA:58,1
DA:59,1
DA:60,1
DA:61,1
DA:63,1
DA:64,1
DA:66,1
DA:67,1
DA:68,1
DA:69,1
DA:70,1
DA:72,1
DA:73,1
DA:75,1
DA:76,1
DA:77,1
DA:78,1
DA:79,1
DA:80,1
DA:81,1
DA:82,1
DA:83,1
DA:84,1
DA:85,1
DA:87,1
DA:88,1
LF:69
LH:69
end_of_record
TN:stest
SF:/Users/kandice/Desktop/Libraries/Libraries/string/unit_tests/s21_strrchr_test.c
FN:10,14,test_s21_strrchr_2_fn
FN:16,20,test_s21_strrchr_3_fn
FN:22,26,test_s21_strrchr_4_fn
FN:28,32,test_s21_strrchr_5_fn
FN:3,8,test_s21_strrchr_1_fn
FN:34,38,test_s21_strrchr_6_fn
FN:40,44,test_s21_strrchr_7_fn
FN:46,58,suite_s21_strrchr
FNDA:1,test_s21_strrchr_2_fn
FNDA:1,test_s21_strrchr_3_fn
FNDA:1,test_s21_strrchr_4_fn
FNDA:1,test_s21_strrchr_5_fn
FNDA:1,test_s21_strrchr_1_fn
FNDA:1,test_s21_strrchr_6_fn
FNDA:1,test_s21_strrchr_7_fn
FNDA:1,suite_s21_strrchr
FNF:8
FNH:8
DA:3,1
DA:4,1
DA:5,1
DA:7,1
DA:8,1
DA:10,1
DA:11,1
DA:12,1
DA:13,1
DA:14,1
DA:16,1
DA:17,1
DA:18,1
DA:19,1
DA:20,1
DA:22,1
DA:23,1
DA:24,1
DA:25,1
DA:26,1
DA:28,1
DA:29,1
DA:30,1
DA:31,1
DA:32,1
DA:34,1
DA:35,1
DA:36,1
DA:37,1
DA:38,1
DA:40,1
DA:41,1
DA:42,1
DA:43,1
DA:44,1
DA:46,1
DA:47,1
DA:48,1
DA:49,1
DA:50,1
DA:51,1
DA:52,1
DA:53,1
DA:54,1
DA:55,1
DA:57,1
DA:58,1
LF:47
LH:47
end_of_record
TN:stest
SF:/Users/kandice/Desktop/Libraries/Libraries/string/unit_tests/s21_strstr_test.c
FN:12,19,test_s21_strstr_2_fn
FN:21,28,test_s21_strstr_3_fn
FN:3,10,test_s21_strstr_1_fn
FN:30,37,test_s21_strstr_4_fn
FN:39,46,test_s21_strstr_5_fn
FN:48,55,test_s21_strstr_6_fn
FN:57,64,test_s21_strstr_7_fn
FN:66,78,suite_s21_strstr
FNDA:1,test_s21_strstr_2_fn
FNDA:1,test_s21_strstr_3_fn
FNDA:1,test_s21_strstr_1_fn
FNDA:1,test_s21_strstr_4_fn
FNDA:1,test_s21_strstr_5_fn
FNDA:1,test_s21_strstr_6_fn
FNDA:1,test_s21_strstr_7_fn
FNDA:1,suite_s21_strstr
FNF:8
FNH:8
DA:3,1
DA:4,1
DA:5,1
DA:6,1
DA:7,1
DA:9,1
DA:10,1
DA:12,1
DA:13,1
DA:14,1
DA:15,1
DA:16,1
DA:18,1
DA:19,1
DA:21,1
DA:22,1
DA:23,1
DA:24,1
DA:25,1
DA:27,1
DA:28,1
DA:30,1
DA:31,1
DA:32,1
DA:33,1
DA:34,1
DA:36,1
DA:37,1
DA:39,1
DA:40,1
DA:41,1
DA:42,1
DA:43,1
DA:45,1
DA:46,1
DA:48,1
DA:49,1
DA:50,1
DA:51,1
DA:52,1
DA:54,1
DA:55,1
DA:57,1
DA:58,1
DA:59,1
DA:60,1
DA:61,1
DA:63,1
DA:64,1
DA:66,1
DA:67,1
DA:68,1
DA:69,1
DA:70,1
DA:71,1
DA:72,1
DA:73,1
DA:74,1
DA:75,1
DA:77,1
DA:78,1
LF:61
LH:61
end_of_record
TN:stest
SF:/Users/kandice/Desktop/Libraries/Libraries/string/unit_tests/s21_strtok_test.c
FN:12,19,test_s21_strtok_2_fn
FN:21,28,test_s21_strtok_3_fn
FN:3,10,test_s21_strtok_1_fn
FN:30,37,test_s21_strtok_4_fn
FN:39,46,test_s21_strtok_5_fn
FN:48,55,test_s21_strtok_6_fn
FN:57,68,suite_s21_strtok
FNDA:1,test_s21_strtok_2_fn
FNDA:1,test_s21_strtok_3_fn
FNDA:1,test_s21_strtok_1_fn
FNDA:1,test_s21_strtok_4_fn
FNDA:1,test_s21_strtok_5_fn
FNDA:1,test_s21_strtok_6_fn
FNDA:1,suite_s21_strtok
FNF:7
FNH:7
DA:3,1
DA:4,1
DA:5,1
DA:6,1
DA:7,1
DA:9,1
DA:10,1
DA:12,1
DA:13,1
DA:14,1
DA:15,1
DA:16,1
DA:18,1
DA:19,1
DA:21,1
DA:22,1
DA:23,1
DA:24,1
DA:25,1
DA:27,1
DA:28,1
DA:30,1
DA:31,1
DA:32,1
DA:33,1
DA:34,1
DA:36,1
DA:37,1
DA:39,1
DA:40,1
DA:41,1
DA:42,1
DA:43,1
DA:45,1
DA:46,1
DA:48,1
DA:49,1
DA:50,1
DA:51,1
DA:52,1
DA:54,1
DA:55,1
DA:57,1
DA:58,1
DA:59,1
DA:60,1
DA:61,1
DA:62,1
DA:63,1
DA:64,1
DA:65,1
DA:67,1
DA:68,1
LF:53
LH:53
end_of_record
TN:stest
SF:/Users/kandice/Desktop/Libraries/Libraries/string/unit_tests/s21_to_lower_test.c
FN:111,121,test_s21_to_lower_10_fn
FN:123,137,suite_s21_to_lower
FN:15,25,test_s21_to_lower_2_fn
FN:27,37,test_s21_to_lower_3_fn
FN:3,13,test_s21_to_lower_1_fn
FN:39,49,test_s21_to_lower_4_fn
FN:51,61,test_s21_to_lower_5_fn
FN:63,73,test_s21_to_lower_6_fn
FN:75,85,test_s21_to_lower_7_fn
FN:87,97,test_s21_to_lower_8_fn
FN:99,109,test_s21_to_lower_9_fn
FNDA:1,test_s21_to_lower_10_fn
FNDA:1,suite_s21_to_lower
FNDA:1,test_s21_to_lower_2_fn
FNDA:1,test_s21_to_lower_3_fn
FNDA:1,test_s21_to_lower_1_fn
FNDA:1,test_s21_to_lower_4_fn
FNDA:1,test_s21_to_lower_5_fn
FNDA:1,test_s21_to_lower_6_fn
FNDA:1,test_s21_to_lower_7_fn
FNDA:1,test_s21_to_lower_8_fn
FNDA:1,test_s21_to_lower_9_fn
FNF:11
FNH:11
DA:3,1
DA:4,1
DA:5,1
DA:7,1
DA:9,1
DA:10,1
DA:11,1
DA:12,1
DA:13,1
DA:15,1
DA:16,1
DA:17,1
DA:19,1
DA:21,1
DA:22,1
DA:23,1
DA:24,1
DA:25,1
DA:27,1
DA:28,1
DA:29,1
DA:31,1
DA:33,1
DA:34,1
DA:35,1
DA:36,1
DA:37,1
DA:39,1
DA:40,1
DA:41,1
DA:43,1
DA:45,1
DA:46,1
DA:47,1
DA:48,1
DA:49,1
DA:51,1
DA:52,1
DA:53,1
DA:55,1
DA:57,1
DA:58,1
DA:59,1
DA:60,1
DA:61,1
DA:63,1
DA:64,1
DA:65,1
DA:67,1
DA:69,1
DA:70,1
DA:71,1
DA:72,1
DA:73,1
DA:75,1
DA:76,1
DA:77,1
DA:79,1
DA:81,1
DA:82,1
DA:83,1
DA:84,1
DA:85,1
DA:87,1
DA:88,1
DA:89,1
DA:91,1
DA:93,1
DA:94,1
DA:95,1
DA:96,1
DA:97,1
DA:99,1
DA:100,1
DA:101,1
DA:103,1
DA:105,1
DA:106,1
DA:107,1
DA:108,1
DA:109,1
DA:111,1
DA:112,1
DA:113,1
DA:115,1
DA:117,1
DA:118,1
DA:119,1
DA:120,1
DA:121,1
DA:123,1
DA:124,1
DA:125,1
DA:126,1
DA:127,1
DA:128,1
DA:129,1
DA:130,1
DA:131,1
DA:132,1
DA:133,1
DA:134,1
DA:135,1
DA:136,1
DA:137,1
LF:105
LH:105
end_of_record
TN:stest
SF:/Users/kandice/Desktop/Libraries/Libraries/string/unit_tests/s21_to_upper_test.c
FN:111,121,test_s21_to_upper_10_fn
FN:123,137,suite_s21_to_upper
FN:15,25,test_s21_to_upper_2_fn
FN:27,37,test_s21_to_upper_3_fn
FN:3,13,test_s21_to_upper_1_fn
FN:39,49,test_s21_to_upper_4_fn
FN:51,61,test_s21_to_upper_5_fn
FN:63,73,test_s21_to_upper_6_fn
FN:75,85,test_s21_to_upper_7_fn
FN:87,97,test_s21_to_upper_8_fn
FN:99,109,test_s21_to_upper_9_fn
FNDA:1,test_s21_to_upper_10_fn
FNDA:1,suite_s21_to_upper
FNDA:1,test_s21_to_upper_2_fn
FNDA:1,test_s21_to_upper_3_fn
FNDA:1,test_s21_to_upper_1_fn
FNDA:1,test_s21_to_upper_4_fn
FNDA:1,test_s21_to_upper_5_fn
FNDA:1,test_s21_to_upper_6_fn
FNDA:1,test_s21_to_upper_7_fn
FNDA:1,test_s21_to_upper_8_fn
FNDA:1,test_s21_to_upper_9_fn
FNF:11
FNH:11
DA:3,1
DA:4,1
DA:5,1
DA:7,1
DA:9,1
DA:10,1
DA:11,1
DA:12,1
DA:13,1
DA:15,1
DA:16,1
DA:17,1
DA:19,1
DA:21,1
DA:22,1
DA:23,1
DA:24,1
DA:25,1
DA:27,1
DA:28,1
DA:29,1
DA:31,1
DA:33,1
DA:34,1
DA:35,1
DA:36,1
DA:37,1
DA:39,1
DA:40,1
DA:41,1
DA:43,1
DA:45,1
DA:46,1
DA:47,1
DA:48,1
DA:49,1
DA:51,1
DA:52,1
DA:53,1
DA:55,1
DA:57,1
DA:58,1
DA:59,1
DA:60,1
DA:61,1
DA:63,1
DA:64,1
DA:65,1
DA:67,1
DA:69,1
DA:70,1
DA:71,1
DA:72,1
DA:73,1
DA:75,1
DA:76,1
DA:77,1
DA:79,1
DA:81,1
DA:82,1
DA:83,1
DA:84,1
DA:85,1
DA:87,1
DA:88,1
DA:89,1
DA:91,1
DA:93,1
DA:94,1
DA:95,1
DA:96,1
DA:97,1
DA:99,1
DA:100,1
DA:101,1
DA:103,1
DA:105,1
DA:106,1
DA:107,1
DA:108,1
DA:109,1
DA:111,1
DA:112,1
DA:113,1
DA:115,1
DA:117,1
DA:118,1
DA:119,1
DA:120,1
DA:121,1
DA:123,1
DA:124,1
DA:125,1
DA:126,1
DA:127,1
DA:128,1
DA:129,1
DA:130,1
DA:131,1
DA:132,1
DA:133,1
DA:134,1
DA:135,1
DA:136,1
DA:137,1
LF:105
LH:105
end_of_record
TN:stest
SF:/Users/kandice/Desktop/Libraries/Libraries/string/unit_tests/s21_trim_test.c
FN:109,118,test_s21_trim_10_fn
FN:121,130,test_s21_trim_11_fn
FN:133,148,suite_s21_trim
FN:15,24,test_s21_trim_2_fn
FN:27,36,test_s21_trim_3_fn
FN:3,12,test_s21_trim_1_fn
FN:39,48,test_s21_trim_4_fn
FN:51,60,test_s21_trim_5_fn
FN:63,72,test_s21_trim_6_fn
FN:75,82,test_s21_trim_7_fn
FN:85,94,test_s21_trim_8_fn
FN:97,106,test_s21_trim_9_fn
FNDA:1,test_s21_trim_10_fn
FNDA:1,test_s21_trim_11_fn
FNDA:1,suite_s21_trim
FNDA:1,test_s21_trim_2_fn
FNDA:1,test_s21_trim_3_fn
FNDA:1,test_s21_trim_1_fn
FNDA:1,test_s21_trim_4_fn
FNDA:1,test_s21_trim_5_fn
FNDA:1,test_s21_trim_6_fn
FNDA:1,test_s21_trim_7_fn
FNDA:1,test_s21_trim_8_fn
FNDA:1,test_s21_trim_9_fn
FNF:12
FNH:12
DA:3,1
DA:4,1
DA:5,1
DA:6,1
DA:7,1
DA:8,1
DA:9,1
DA:10,1
DA:11,1
DA:12,1
DA:15,1
DA:16,1
DA:17,1
DA:18,1
DA:19,1
DA:20,1
DA:21,1
DA:22,1
DA:23,1
DA:24,1
DA:27,1
DA:28,1
DA:29,1
DA:30,1
DA:31,1
DA:32,1
DA:33,1
DA:34,1
DA:35,1
DA:36,1
DA:39,1
DA:40,1
DA:41,1
DA:42,1
DA:43,1
DA:44,1
DA:45,1
DA:46,1
DA:47,1
DA:48,1
DA:51,1
DA:52,1
DA:53,1
DA:54,1
DA:55,1
DA:56,1
DA:57,1
DA:58,1
DA:59,1
DA:60,1
DA:63,1
DA:64,1
DA:65,1
DA:66,1
DA:67,1
DA:68,1
DA:69,1
DA:70,1
DA:71,1
DA:72,1
DA:75,1
DA:76,1
DA:77,1
DA:78,1
DA:79,1
DA:80,1
DA:81,1
DA:82,1
DA:85,1
DA:86,1
DA:87,1
DA:88,1
DA:89,1
DA:90,1
DA:91,1
DA:92,1
DA:93,1
DA:94,1
DA:97,1
DA:98,1
DA:99,1
DA:100,1
DA:101,1
DA:102,1
DA:103,1
DA:104,1
DA:105,1
DA:106,1
DA:109,1
DA:110,1
DA:111,1
DA:112,1
DA:113,1
DA:114,1
DA:115,1
DA:116,1
DA:117,1
DA:118,1
DA:121,1
DA:122,1
DA:123,1
DA:124,1
DA:125,1
DA:126,1
DA:127,1
DA:128,1
DA:129,1
DA:130,1
DA:133,1
DA:134,1
DA:135,1
DA:136,1
DA:137,1
DA:138,1
DA:139,1
DA:140,1
DA:141,1
DA:142,1
DA:143,1
DA:144,1
DA:145,1
DA:146,1
DA:147,1
DA:148,1
LF:124
LH:124
end_of_record
